ISim log file
Running: D:\CO\P5\CPU_1\CPU_tb_isim_beh.exe -intstyle ise -gui -tclbatch isim.cmd -wdb D:/CO/P5/CPU_1/CPU_tb_isim_beh.wdb 
ISim P.20131013 (signature 0x7708f090)
This is a Full version of ISim.
Time resolution is 1 ps
# onerror resume
# wave add /
# run 1000 ns
Simulator is doing circuit initialization process.
Finished circuit initialization process.
@00003000: $ 5 <= 00003010
@00003004: $ 1 <= 00000100
@00003008: $31 <= 00003010
@00003014: $10 <= 00001234
@00003024: $ 9 <= 12340000
@00003000: $ 5 <= 00003010
@00003000: $ 5 <= 00003010
@00003004: $ 1 <= 00000100
@00003008: $31 <= 00003010
@00003014: $10 <= 00001234
@00003024: $ 9 <= 12340000
@00003000: $ 5 <= 00003010
@00003000: $ 5 <= 00003010
@00003004: $ 1 <= 00000100
@00003008: $31 <= 00003010
@00003014: $10 <= 00001234
@00003024: $ 9 <= 12340000
@00003000: $ 5 <= 00003010
@00003000: $ 5 <= 00003010
@00003004: $ 1 <= 00000100
@00003008: $31 <= 00003010
@00003014: $10 <= 00001234
@00003024: $ 9 <= 12340000
@00003000: $ 5 <= 00003010
@00003000: $ 5 <= 00003010
@00003004: $ 1 <= 00000100
@00003008: $31 <= 00003010
@00003014: $10 <= 00001234
@00003024: $ 9 <= 12340000
@00003000: $ 5 <= 00003010
@00003000: $ 5 <= 00003010
@00003004: $ 1 <= 00000100
@00003008: $31 <= 00003010
@00003014: $10 <= 00001234
@00003024: $ 9 <= 12340000
@00003000: $ 5 <= 00003010
@00003000: $ 5 <= 00003010
@00003004: $ 1 <= 00000100
@00003008: $31 <= 00003010
@00003014: $10 <= 00001234
@00003024: $ 9 <= 12340000
@00003000: $ 5 <= 00003010
@00003000: $ 5 <= 00003010
@00003004: $ 1 <= 00000100
@00003008: $31 <= 00003010
@00003014: $10 <= 00001234
@00003024: $ 9 <= 12340000
# restart
# run 0.2us
Simulator is doing circuit initialization process.
Finished circuit initialization process.
@00003000: $ 5 <= 00003010
@00003004: $ 1 <= 00000100
@00003008: $31 <= 00003010
@00003014: $10 <= 00001234
@00003024: $ 9 <= 12340000
@00003000: $ 5 <= 00003010
@00003000: $ 5 <= 00003010
@00003004: $ 1 <= 00000100
@00003008: $31 <= 00003010
# restart
# run 0.1us
Simulator is doing circuit initialization process.
Finished circuit initialization process.
@00003000: $ 5 <= 00003010
@00003004: $ 1 <= 00000100
@00003008: $31 <= 00003010
@00003014: $10 <= 00001234
# restart
# run 0.15us
Simulator is doing circuit initialization process.
Finished circuit initialization process.
@00003000: $ 5 <= 00003010
@00003004: $ 1 <= 00000100
@00003008: $31 <= 00003010
@00003014: $10 <= 00001234
@00003024: $ 9 <= 12340000
# restart
# run 0.20us
Simulator is doing circuit initialization process.
Finished circuit initialization process.
@00003000: $ 5 <= 00003010
@00003004: $ 1 <= 00000100
@00003008: $31 <= 00003010
@00003014: $10 <= 00001234
@00003024: $ 9 <= 12340000
@00003000: $ 5 <= 00003010
@00003000: $ 5 <= 00003010
@00003004: $ 1 <= 00000100
@00003008: $31 <= 00003010
