ISim log file
Running: D:\CO\P5\CPU_1\CPU_tb_isim_beh.exe -intstyle ise -gui -tclbatch isim.cmd -wdb D:/CO/P5/CPU_1/CPU_tb_isim_beh.wdb 
ISim P.20131013 (signature 0x7708f090)
This is a Full version of ISim.
Time resolution is 1 ps
# onerror resume
# wave add /
# run 1000 ns
Simulator is doing circuit initialization process.
Finished circuit initialization process.
                  55@00003000: $28 <= 00000000
                  65@00003004: $29 <= 00000000
                  75@00003008: $ 0 <= 00000000
                  85@0000300c: $ 1 <= 00000001
                  95@00003010: $ 2 <= 00000002
                 105@00003014: $ 3 <= 00000003
                 115@00003018: $ 4 <= 00000004
                 125@0000301c: $ 5 <= 00000005
                 135@00003020: $ 6 <= 00000006
                 145@00003024: $ 7 <= 00000007
                 155@00003028: $ 8 <= 00000008
                 165@0000302c: $ 9 <= 00000009
                 175@00003030: $10 <= 0000000a
                 185@00003034: $11 <= 0000000b
                 195@00003038: $12 <= 0000000c
                 205@0000303c: $13 <= 0000000d
                 215@00003040: $14 <= 0000000e
                 225@00003044: $15 <= 0000000f
                 235@00003048: $16 <= 00000010
                 245@0000304c: $17 <= 00000011
                 255@00003050: $18 <= 00000012
                 265@00003054: $19 <= 00000013
                 275@00003058: $20 <= 00000014
                 285@0000305c: $21 <= 00000015
                 295@00003060: $22 <= 00000016
                 305@00003064: $23 <= 00000017
                 315@00003068: $24 <= 00000018
                 325@0000306c: $25 <= 00000019
                 335@00003070: $26 <= 0000001a
                 345@00003074: $27 <= 0000001b
                 355@00003078: $28 <= 0000001c
                 365@0000307c: $29 <= 0000001d
                 375@00003080: $30 <= 0000001e
                 385@00003084: $31 <= 0000001f
                 395@00003088: $ 1 <= 00000001
                 395@0000308c: *00000004 <= 00000001
                 405@00003090: *00000008 <= 00000001
                 415@00003094: *0000000c <= 00000001
                 425@00003098: *00000010 <= 00000001
                 435@0000309c: *00000014 <= 00000001
                 445@000030a0: *00000018 <= 00000001
                 455@000030a4: *0000001c <= 00000001
                 465@000030a8: *00000020 <= 00000001
                 475@000030ac: *00000024 <= 00000001
                 485@000030b0: *00000028 <= 00000001
                 495@000030b4: *0000002c <= 00000001
                 505@000030b8: *00000030 <= 00000001
                 515@000030bc: *00000034 <= 00000001
                 525@000030c0: *00000038 <= 00000001
                 535@000030c4: *0000003c <= 00000001
                 545@000030c8: *00000040 <= 00000001
                 555@000030cc: *00000044 <= 00000001
                 565@000030d0: *00000048 <= 00000001
                 575@000030d4: *0000004c <= 00000001
                 585@000030d8: *00000050 <= 00000001
                 595@000030dc: *00000054 <= 00000001
                 605@000030e0: *00000058 <= 00000001
                 615@000030e4: *0000005c <= 00000001
                 625@000030e8: *00000060 <= 00000001
                 635@000030ec: *00000064 <= 00000001
                 645@000030f0: *00000068 <= 00000001
                 655@000030f4: *0000006c <= 00000001
                 665@000030f8: *00000070 <= 00000001
                 675@000030fc: *00000074 <= 00000001
                 685@00003100: *00000078 <= 00000001
                 695@00003104: *0000007c <= 00000001
                 715@00003108: $ 1 <= 00000001
                 715@0000310c: *00000000 <= 00000001
                 735@00003110: $ 2 <= 00000001
                 745@00003114: $ 3 <= 00000001
                 755@00003118: $ 4 <= 00000001
                 765@0000311c: $ 5 <= 00000001
                 775@00003120: $ 6 <= 00000001
                 785@00003124: $ 7 <= 00000001
                 795@00003128: $ 8 <= 00000001
                 805@0000312c: $ 9 <= 00000001
                 815@00003130: $10 <= 00000001
                 825@00003134: $11 <= 00000001
                 835@00003138: $12 <= 00000001
                 845@0000313c: $13 <= 00000001
                 855@00003140: $14 <= 00000001
                 865@00003144: $15 <= 00000001
                 875@00003148: $16 <= 00000001
                 885@0000314c: $17 <= 00000001
                 895@00003150: $18 <= 00000001
                 905@00003154: $19 <= 00000001
                 915@00003158: $20 <= 00000001
                 925@0000315c: $21 <= 00000001
                 935@00003160: $22 <= 00000001
                 945@00003164: $23 <= 00000001
                 955@00003168: $24 <= 00000001
                 965@0000316c: $25 <= 00000001
                 975@00003170: $26 <= 00000001
                 985@00003174: $27 <= 00000001
                 995@00003178: $28 <= 00000001
