ISim log file
Running: D:\CO\P6\CPU_3\CPU_tb_isim_beh.exe -intstyle ise -gui -tclbatch isim.cmd -wdb D:/CO/P6/CPU_3/CPU_tb_isim_beh.wdb 
ISim P.20131013 (signature 0x7708f090)
This is a Full version of ISim.
Time resolution is 1 ps
# onerror resume
# wave add /
# run 1000 ns
Simulator is doing circuit initialization process.
Finished circuit initialization process.
@00003000: $ 1 <= f0ff0000
@00003004: $ 2 <= f0ffabbd
@00003008: $ 3 <= 87f80000
@0000300c: $ 4 <= fe1fe000
@00003010: $ 5 <= 1e1fe000
@00003014: $ 6 <= 8617e000
@00003018: $ 7 <= 8617e000
@0000301c: $ 8 <= 89d82000
@00003020: $22 <= 08005442
@00003024: $ 8 <= 89d82000
@00003028: $ 9 <= ffffe000
@0000302c: $10 <= 00001fff
@00003030: $11 <= 7627c000
@00003038: $12 <= 41430000
@0000303c: $13 <= 00e113f0
@00003048: $ 5 <= 8617e000
@0000304c: $ 6 <= 1e1fe000
@00003054: $ 5 <= 41430000
@00003058: $ 6 <= e2dfbfad
@00003060: $ 5 <= 00000001
@00003064: $ 6 <= ffff5443
@0000306c: $ 5 <= 00000000
@00003070: $ 6 <= f0ff0000
@0000307c: $ 9 <= 00000000
@00003080: $31 <= 00003088
@00003094: $10 <= 000030ec
@00003098: $ 9 <= 000030a8
@0000309c: $ 5 <= 000030a4
@000030a8: $19 <= 00414300
@000030ac: $20 <= 00414300
@000030b0: $21 <= 43000000
@000030b4: *00000000 <= f0ff0000
@000030b8: *00000004 <= 000000bd
@000030bc: *00000004 <= 0000bdbd
@000030c0: *00000004 <= abbdbdbd
@000030c4: $22 <= 00000000
@000030c8: $22 <= 00000000
@000030cc: $23 <= fffff0ff
@000030d0: $24 <= 0000bdbd
@000030d4: $25 <= abbdbdbd
@000030d8: $ 4 <= fe1fe004
@000030dc: $ 5 <= 000030a9
@000030e0: $ 6 <= 00000000
@000030e4: $ 7 <= 8617e007
@000030e8: $ 4 <= 00030000
@000030ec: $ 5 <= 00000004
@000030f0: $ 6 <= 00000000
@000030f4: $ 7 <= 00000000
@000030f8: $ 6 <= 00000001
# restart
# run 1.00us
Simulator is doing circuit initialization process.
Finished circuit initialization process.
@00003000: $ 1 <= f0ff0000
@00003004: $ 2 <= f0ffabbd
@00003008: $ 3 <= 87f80000
@0000300c: $ 4 <= fe1fe000
@00003010: $ 5 <= 1e1fe000
@00003014: $ 6 <= 8617e000
@00003018: $ 7 <= 8617e000
@0000301c: $ 8 <= 89d82000
@00003020: $22 <= 08005442
@00003024: $ 8 <= 89d82000
@00003028: $ 9 <= ffffe000
@0000302c: $10 <= 00001fff
@00003030: $11 <= 7627c000
@00003038: $12 <= 41430000
@0000303c: $13 <= 00e113f0
@00003048: $ 5 <= 8617e000
@0000304c: $ 6 <= 1e1fe000
@00003054: $ 5 <= 41430000
@00003058: $ 6 <= e2dfbfad
@00003060: $ 5 <= 00000001
@00003064: $ 6 <= ffff5443
@0000306c: $ 5 <= 00000000
@00003070: $ 6 <= f0ff0000
@0000307c: $ 9 <= 00000000
@00003080: $31 <= 00003088
@00003094: $10 <= 000030ec
@00003098: $ 9 <= 000030a8
@0000309c: $ 5 <= 000030a4
@000030a8: $19 <= 00414300
@000030ac: $20 <= 00414300
@000030b0: $21 <= 43000000
@000030b4: *00000000 <= f0ff0000
@000030b8: *00000004 <= 000000bd
@000030bc: *00000004 <= 0000bdbd
@000030c0: *00000004 <= abbdbdbd
@000030c4: $22 <= 00000000
@000030c8: $22 <= 00000000
@000030cc: $23 <= fffff0ff
@000030d0: $24 <= 0000bdbd
@000030d4: $25 <= abbdbdbd
@000030d8: $ 4 <= fe1fe004
@000030dc: $ 5 <= 000030a9
@000030e0: $ 6 <= 00000000
@000030e4: $ 7 <= 8617e007
@000030e8: $ 4 <= 00030000
@000030ec: $ 5 <= 00000004
@000030f0: $ 6 <= 00000000
@000030f4: $ 7 <= 00000000
@000030f8: $ 6 <= 00000001
# restart
# run 1.00us
Simulator is doing circuit initialization process.
Finished circuit initialization process.
@00003000: $ 1 <= f0ff0000
@00003004: $ 2 <= f0ffabbd
@00003008: $ 3 <= 87f80000
@0000300c: $ 4 <= fe1fe000
@00003010: $ 5 <= 1e1fe000
@00003014: $ 6 <= 8617e000
@00003018: $ 7 <= 8617e000
@0000301c: $ 8 <= 89d82000
@00003020: $22 <= 08005442
@00003024: $ 8 <= 89d82000
@00003028: $ 9 <= ffffe000
@0000302c: $10 <= 00001fff
@00003030: $11 <= 7627c000
@00003038: $12 <= 41430000
@0000303c: $13 <= 00e113f0
@00003048: $ 5 <= 8617e000
@0000304c: $ 6 <= 1e1fe000
@00003054: $ 5 <= 41430000
@00003058: $ 6 <= e2dfbfad
@00003060: $ 5 <= 00000001
@00003064: $ 6 <= ffff5443
@0000306c: $ 5 <= 00000000
@00003070: $ 6 <= f0ff0000
@0000307c: $ 9 <= 00000000
@00003080: $31 <= 00003088
@00003094: $10 <= 000030ec
@00003098: $ 9 <= 000030a8
@0000309c: $ 5 <= 000030a4
@000030a8: $19 <= 00414300
@000030ac: $20 <= 00414300
@000030b0: $21 <= 43000000
@000030b4: *00000000 <= f0ff0000
@000030b8: *00000004 <= 000000bd
@000030bc: *00000004 <= 0000bdbd
@000030c0: *00000004 <= abbdbdbd
@000030c4: $22 <= 00000000
@000030c8: $22 <= 00000000
@000030cc: $23 <= fffff0ff
@000030d0: $24 <= 0000bdbd
@000030d4: $25 <= abbdbdbd
@000030d8: $ 4 <= fe1fe004
@000030dc: $ 5 <= 000030a9
@000030e0: $ 6 <= 00000000
@000030e4: $ 7 <= 8617e007
@000030e8: $ 4 <= 00030000
@000030ec: $ 5 <= 00000004
@000030f0: $ 6 <= 00000000
@000030f4: $ 7 <= 00000000
@000030f8: $ 6 <= 00000001
