ISim log file
Running: D:\CO\P5\CPU_1\CPU_tb_isim_beh.exe -intstyle ise -gui -tclbatch isim.cmd -wdb D:/CO/P5/CPU_1/CPU_tb_isim_beh.wdb 
ISim P.20131013 (signature 0x7708f090)
This is a Full version of ISim.
Time resolution is 1 ps
# onerror resume
# wave add /
# run 1000 ns
Simulator is doing circuit initialization process.
Finished circuit initialization process.
@00003000: $ 8 <= 00000008
@00003004: $ 9 <= 00000008
@00003008: $ 8 <= 00000008
@0000300c: $10 <= 0000000c
@00003010: $ 9 <= 00000008
@00003014: $ 8 <= 00000008
@00003018: $10 <= 0000000c
@0000301c: $11 <= 0000000d
@00003020: $ 9 <= 00000008
@00003024: $ 8 <= 00000008
@00003028: $ 9 <= 00000008
@0000302c: $ 8 <= 00000008
@00003030: $10 <= 0000000c
@00003034: $ 9 <= 00000008
@00003038: $ 8 <= 00000008
@0000303c: $10 <= 0000000c
@00003040: $11 <= 0000000d
@00003044: $ 9 <= 00000008
@00003048: $ 8 <= 00080000
@0000304c: $ 9 <= 00080000
@00003050: $ 8 <= 00080000
@00003054: $10 <= 000c0000
@00003058: $ 9 <= 00080000
@0000305c: $ 8 <= 00080000
@00003060: $10 <= 000c0000
@00003064: $11 <= 000e0000
@00003068: $ 9 <= 00080000
@0000306c: $ 8 <= 00080000
@00003070: $ 9 <= 00080000
@00003074: $ 8 <= 00080000
@00003078: $10 <= 000c0000
@0000307c: $ 9 <= 00080000
@00003080: $ 8 <= 00080000
@00003084: $10 <= 000c0000
@00003088: $11 <= 000e0000
@0000308c: $ 9 <= 00080000
@00003090: $ 8 <= 00080000
@00003094: $ 9 <= 00080000
@00003098: $10 <= 00080000
@0000309c: $ 8 <= 00080000
@000030a0: $ 9 <= 00080000
@000030a4: $11 <= 00100000
@000030a8: $10 <= 00080000
@000030ac: $ 8 <= 00080000
@000030b0: $ 9 <= 00080000
@000030b4: $11 <= 00100000
@000030b8: $12 <= 00100000
@000030bc: $10 <= 00100000
@000030c0: $ 8 <= 00000008
@000030c4: $ 9 <= 0000000c
@000030c8: $10 <= 00000010
@000030cc: $11 <= 00000014
@000030d0: $12 <= 00000018
@000030d4: $13 <= 0000001c
@000030d8: *00000008 <= 0000000c
@000030dc: $16 <= 00000004
@000030e0: $17 <= 00000008
@000030e4: $18 <= 0000000c
@000030e8: $14 <= 0000000c
@000030ec: $15 <= 00000018
@000030f0: $ 8 <= 00000008
@000030f4: $ 9 <= 0000000c
@000030f8: $10 <= 00000010
@000030fc: $11 <= 00000014
@00003100: $12 <= 00000018
@00003104: *00000008 <= 0000000c
@00003108: $16 <= 00000004
@0000310c: $17 <= 00000008
@00003110: $18 <= 0000000c
@00003114: $14 <= 0000000c
@00003118: $13 <= 0000001c
@0000311c: $15 <= 00000018
@00003120: $ 8 <= 00000008
@00003124: $ 9 <= 0000000c
@00003128: $10 <= 00000010
@0000312c: $11 <= 00000014
@00003130: $12 <= 00000018
@00003134: *00000008 <= 0000000c
@00003138: $16 <= 00000004
@0000313c: $17 <= 00000008
@00003140: $18 <= 0000000c
@00003144: $14 <= 0000000c
@00003148: $13 <= 0000001c
@0000314c: $24 <= 00000020
@00003150: $15 <= 00000018
@00003154: $ 8 <= 00000008
@00003158: $ 9 <= 0000000c
@0000315c: $10 <= 00000010
@00003160: $31 <= 00003168
@00003164: $11 <= 000062d0
@00003170: $14 <= 00000014
@00003174: $ 8 <= 00000008
@00003178: $ 9 <= 0000000c
@0000317c: $10 <= 00000010
# restart
# run 8.00us
Simulator is doing circuit initialization process.
Finished circuit initialization process.
@00003000: $ 8 <= 00000008
@00003004: $ 9 <= 00000008
@00003008: $ 8 <= 00000008
@0000300c: $10 <= 0000000c
@00003010: $ 9 <= 00000008
@00003014: $ 8 <= 00000008
@00003018: $10 <= 0000000c
@0000301c: $11 <= 0000000d
@00003020: $ 9 <= 00000008
@00003024: $ 8 <= 00000008
@00003028: $ 9 <= 00000008
@0000302c: $ 8 <= 00000008
@00003030: $10 <= 0000000c
@00003034: $ 9 <= 00000008
@00003038: $ 8 <= 00000008
@0000303c: $10 <= 0000000c
@00003040: $11 <= 0000000d
@00003044: $ 9 <= 00000008
@00003048: $ 8 <= 00080000
@0000304c: $ 9 <= 00080000
@00003050: $ 8 <= 00080000
@00003054: $10 <= 000c0000
@00003058: $ 9 <= 00080000
@0000305c: $ 8 <= 00080000
@00003060: $10 <= 000c0000
@00003064: $11 <= 000e0000
@00003068: $ 9 <= 00080000
@0000306c: $ 8 <= 00080000
@00003070: $ 9 <= 00080000
@00003074: $ 8 <= 00080000
@00003078: $10 <= 000c0000
@0000307c: $ 9 <= 00080000
@00003080: $ 8 <= 00080000
@00003084: $10 <= 000c0000
@00003088: $11 <= 000e0000
@0000308c: $ 9 <= 00080000
@00003090: $ 8 <= 00080000
@00003094: $ 9 <= 00080000
@00003098: $10 <= 00080000
@0000309c: $ 8 <= 00080000
@000030a0: $ 9 <= 00080000
@000030a4: $11 <= 00100000
@000030a8: $10 <= 00080000
@000030ac: $ 8 <= 00080000
@000030b0: $ 9 <= 00080000
@000030b4: $11 <= 00100000
@000030b8: $12 <= 00100000
@000030bc: $10 <= 00100000
@000030c0: $ 8 <= 00000008
@000030c4: $ 9 <= 0000000c
@000030c8: $10 <= 00000010
@000030cc: $11 <= 00000014
@000030d0: $12 <= 00000018
@000030d4: $13 <= 0000001c
@000030d8: *00000008 <= 0000000c
@000030dc: $16 <= 00000004
@000030e0: $17 <= 00000008
@000030e4: $18 <= 0000000c
@000030e8: $14 <= 0000000c
@000030ec: $15 <= 00000018
@000030f0: $ 8 <= 00000008
@000030f4: $ 9 <= 0000000c
@000030f8: $10 <= 00000010
@000030fc: $11 <= 00000014
@00003100: $12 <= 00000018
@00003104: *00000008 <= 0000000c
@00003108: $16 <= 00000004
@0000310c: $17 <= 00000008
@00003110: $18 <= 0000000c
@00003114: $14 <= 0000000c
@00003118: $13 <= 0000001c
@0000311c: $15 <= 00000018
@00003120: $ 8 <= 00000008
@00003124: $ 9 <= 0000000c
@00003128: $10 <= 00000010
@0000312c: $11 <= 00000014
@00003130: $12 <= 00000018
@00003134: *00000008 <= 0000000c
@00003138: $16 <= 00000004
@0000313c: $17 <= 00000008
@00003140: $18 <= 0000000c
@00003144: $14 <= 0000000c
@00003148: $13 <= 0000001c
@0000314c: $24 <= 00000020
@00003150: $15 <= 00000018
@00003154: $ 8 <= 00000008
@00003158: $ 9 <= 0000000c
@0000315c: $10 <= 00000010
@00003160: $31 <= 00003168
@00003164: $11 <= 000062d0
@00003170: $14 <= 00000014
@00003174: $ 8 <= 00000008
@00003178: $ 9 <= 0000000c
@0000317c: $10 <= 00000010
@00003180: $31 <= 00003188
@00003184: $12 <= 00000014
@0000318c: $11 <= 00006310
@00003190: $14 <= 00000014
@00003194: $15 <= 00000018
@00003198: $ 8 <= 00000008
@0000319c: $ 9 <= 0000000c
@000031a0: $10 <= 00000010
@000031a4: $31 <= 000031ac
@000031a8: $12 <= 00000014
@000031b0: $14 <= 00000014
@000031b4: $11 <= 00006358
@000031b8: $14 <= 00000014
@000031bc: $15 <= 00000018
@000031c0: $ 8 <= 00000008
@000031c4: $ 9 <= 0000000c
@000031c8: $ 8 <= 00000008
@000031cc: $10 <= 00000014
@000031d0: $ 9 <= 0000000c
@000031d4: $ 8 <= 00000008
@000031d8: $10 <= 00000014
@000031dc: $11 <= 00000018
@000031e0: $ 9 <= 0000000c
@000031e4: $ 8 <= 00000008
@000031e8: $ 9 <= 00000014
@000031ec: $10 <= 00000018
@000031f0: $11 <= 0000000c
@000031f4: $12 <= 00000010
@000031f8: $13 <= fffffff4
@000031fc: $14 <= fffffffd
@00003200: $ 8 <= 00000008
@00003204: $ 9 <= 00000014
@00003208: $10 <= 00000018
@0000320c: $11 <= 0000000c
@00003210: $12 <= 00000010
@00003214: $13 <= fffffff4
@00003218: $15 <= 00000014
@0000321c: $14 <= fffffffd
@00003220: $ 8 <= 00000008
@00003224: $ 9 <= 00000014
@00003228: $10 <= 00000018
@0000322c: $11 <= 0000000c
@00003230: $12 <= 00000010
@00003234: $13 <= fffffff4
@00003238: $15 <= 00000014
@0000323c: $24 <= 00000018
@00003240: $14 <= fffffffd
@00003244: $ 8 <= 00000008
@00003248: $ 9 <= 00000014
@0000324c: $10 <= 00000004
@00003250: $11 <= 0000000c
@00003254: $12 <= 00000010
@00003258: *00000014 <= 00000008
@0000325c: $13 <= 00000008
@00003260: $14 <= 0000000d
@00003264: $ 8 <= 00000008
@00003268: $ 9 <= 00000014
@0000326c: $10 <= 00000004
@00003270: $11 <= 0000000c
@00003274: $12 <= 00000010
@00003278: *00000014 <= 00000008
@0000327c: $13 <= 00000008
@00003280: $15 <= 00000014
@00003284: $14 <= 0000000d
@00003288: $ 8 <= 00000008
@0000328c: $ 9 <= 00000014
@00003290: $10 <= 00000004
@00003294: $11 <= 0000000c
@00003298: $12 <= 00000010
@0000329c: *00000014 <= 00000008
@000032a0: $13 <= 00000008
@000032a4: $15 <= 00000014
@000032a8: $24 <= 00000018
@000032ac: $14 <= 0000000d
@000032b0: $ 8 <= 00000008
@000032b4: $ 9 <= 00000014
@000032b8: $31 <= 000032c0
@000032bc: $10 <= 000032c8
@000032c4: $12 <= 00000012
@000032c8: $13 <= 00000016
@000032cc: $14 <= 0000001a
@000032d0: $ 8 <= 00000008
@000032d4: $ 9 <= 00000014
@000032d8: $31 <= 000032e0
@000032dc: $10 <= 00000004
@000032e4: $12 <= 000032f2
@000032e8: $13 <= 00000016
@000032ec: $14 <= 0000001a
@000032f0: $ 8 <= 00000008
@000032f4: $ 9 <= 00000014
@000032f8: $31 <= 00003300
@000032fc: $10 <= 00000004
@00003304: $15 <= 00000006
@00003308: $12 <= 00003312
@0000330c: $13 <= 00000016
@00003310: $14 <= 0000001a
@00003314: $ 8 <= 00000004
@00003318: $ 9 <= 00000008
@0000331c: $10 <= 00000009
@00003320: $11 <= 0000000c
@00003324: *00000004 <= 00000008
@00003328: *00000008 <= 00000009
@0000332c: *0000000c <= 0000000c
@00003330: $12 <= 00000004
@00003334: $13 <= 00000008
@00003338: $13 <= 00000008
@0000333c: $ 0 <= 00000005
@00003340: $14 <= 00000009
@00003344: $14 <= 0000000c
@00003348: $16 <= 0000000c
@0000334c: $17 <= 00000010
@00003350: $15 <= 0000000c
@00003354: $ 8 <= 00000004
@00003358: $ 9 <= 00000008
@0000335c: $10 <= 00000009
@00003360: $11 <= 0000000c
@00003364: *00000004 <= 00000008
@00003368: *00000008 <= 00000009
@0000336c: *0000000c <= 0000000c
@00003370: $12 <= 00000004
@00003374: $13 <= 00000008
@00003378: $13 <= 00000008
@0000337c: $ 0 <= 00000005
@00003380: $14 <= 00000009
@00003384: $14 <= 0000000c
@00003388: $16 <= 0000000c
@0000338c: $17 <= 00000010
@00003390: $15 <= 0000000c
@00003394: $ 8 <= 00000004
@00003398: $ 9 <= 00000008
@0000339c: $10 <= 0000000c
@000033a0: $11 <= 00000010
@000033a4: *00000000 <= 00000004
@000033a8: *00000004 <= 00000008
@000033ac: *00000008 <= 0000000c
@000033b0: *0000000c <= 00000010
@000033b4: $12 <= 00000008
@000033b8: $13 <= 0000000c
@000033bc: $13 <= 00000004
@000033c0: $ 0 <= 00000008
@000033c4: $14 <= 00000008
@000033c8: $14 <= 0000000c
@000033cc: $16 <= 00000001
@000033d0: $17 <= 00000002
@000033d4: $15 <= 00000010
@000033d8: $ 8 <= 00000004
@000033dc: $ 9 <= 00000008
@000033e0: $10 <= 0000000c
@000033e4: $11 <= 00000010
@000033e8: $12 <= 00000014
@000033ec: $13 <= 0000000c
@000033f0: *0000000c <= 0000000c
@000033f4: $14 <= 00000004
@000033f8: $16 <= 0000000c
@000033fc: *00000008 <= 00000010
@00003400: $15 <= 00000010
@00003404: $17 <= 00000004
@00003408: $18 <= 00000008
@0000340c: *00000010 <= 00000014
@00003410: $13 <= 00000004
@00003414: *00000004 <= 00000004
@00003418: $13 <= 00000008
@0000341c: $16 <= 00000002
@00003420: *00000010 <= 00000008
@00003424: $14 <= 00000024
@00003428: $16 <= 00000001
@0000342c: $17 <= 00000002
@00003430: *00000008 <= 00000024
@00003434: $ 8 <= 00000004
@00003438: $ 9 <= 00000008
@0000343c: $10 <= 0000000c
@00003440: $11 <= 00000010
@00003444: $12 <= 00000014
@00003448: $13 <= 0000000c
@0000344c: *0000000c <= 0000000c
@00003450: $14 <= 00000004
@00003454: $16 <= 0000000c
@00003458: *00000008 <= 00000010
@0000345c: $15 <= 00000010
@00003460: $17 <= 00000004
@00003464: $18 <= 00000008
@00003468: *00000010 <= 00000014
@0000346c: $13 <= 00030000
@00003470: *00000004 <= 00030000
@00003474: $13 <= 00010000
@00003478: $16 <= 00000002
@0000347c: *00000010 <= 00010000
@00003480: $ 0 <= 00000009
@00003484: $16 <= 00000001
@00003488: $17 <= 00000002
@0000348c: *00000008 <= 00000000
@00003490: $ 8 <= 00000004
@00003494: $ 9 <= 00000008
@00003498: $10 <= 0000000c
@0000349c: $11 <= 00000010
@000034a0: $12 <= 00000014
@000034a4: *00000000 <= 00000004
@000034a8: *00000004 <= 00000008
@000034ac: *00000008 <= 0000000c
@000034b0: *0000000c <= 00000010
@000034b4: $13 <= 00000008
@000034b8: *00000008 <= 0000000c
@000034bc: $14 <= 00000008
@000034c0: $16 <= 0000000c
@000034c4: *0000000c <= 00000010
@000034c8: $15 <= 0000000c
@000034cc: $17 <= 00000004
@000034d0: $18 <= 00000008
@000034d4: *0000000c <= 00000014
@000034d8: $13 <= 00000014
@000034dc: *00000004 <= 00000014
@000034e0: $13 <= 00010000
@000034e4: $16 <= 00000002
@000034e8: *00000010 <= 00010000
@000034ec: $14 <= 0000000c
@000034f0: $16 <= 00000001
@000034f4: $17 <= 00000002
@000034f8: *00000008 <= 0000000c
@000034fc: $ 8 <= 00000004
@00003500: $ 9 <= 00000008
@00003504: $10 <= 0000000c
@00003508: $11 <= 00000010
@0000350c: $12 <= fffffffc
@00003510: $13 <= 0000000c
@00003518: $16 <= 00000001
@00003520: $18 <= 00000003
@00003524: $19 <= 00000004
@00003528: $14 <= 0000000c
@0000352c: $16 <= 00000001
@00003534: $16 <= 00000001
@0000353c: $18 <= 00000003
@00003540: $19 <= 00000004
@00003544: $15 <= 0000000c
@00003548: $16 <= 00000001
@0000354c: $17 <= 00000002
@00003554: $16 <= 00000001
@0000355c: $18 <= 00000003
@00003560: $19 <= 00000004
@00003564: $13 <= fffffffc
@0000356c: $16 <= 00000001
@00003574: $18 <= 00000003
@00003578: $19 <= 00000004
@0000357c: $14 <= fffffffc
@00003580: $16 <= 00000001
@00003588: $16 <= 00000001
@00003590: $18 <= 00000003
@00003594: $19 <= 00000004
@00003598: $15 <= fffffffc
@0000359c: $16 <= 00000001
@000035a0: $17 <= 00000002
@000035a8: $16 <= 00000001
@000035b0: $18 <= 00000003
@000035b4: $19 <= 00000004
@000035b8: $ 8 <= 00000004
@000035bc: $ 9 <= 00000008
@000035c0: $10 <= 0000000c
@000035c4: $11 <= 00000010
@000035c8: $12 <= fffffffc
@000035cc: $13 <= 0000000c
@000035d4: $16 <= 00000001
@000035d8: $17 <= 00000002
@000035dc: $18 <= 00000003
@000035e0: $19 <= 00000004
@000035e4: $14 <= 0000000c
@000035e8: $16 <= 00000001
@000035f0: $16 <= 00000001
@000035f4: $17 <= 00000002
@000035f8: $18 <= 00000003
@000035fc: $19 <= 00000004
@00003600: $15 <= 0000000c
@00003604: $16 <= 00000001
@00003608: $17 <= 00000002
@00003610: $16 <= 00000001
@00003614: $17 <= 00000002
@00003618: $18 <= 00000003
@0000361c: $19 <= 00000004
@00003620: $13 <= fffffffc
@00003628: $16 <= 00000001
@0000362c: $17 <= 00000002
@00003630: $18 <= 00000003
@00003634: $19 <= 00000004
@00003638: $14 <= fffffffc
@0000363c: $16 <= 00000001
@00003644: $16 <= 00000001
@00003648: $17 <= 00000002
@0000364c: $18 <= 00000003
@00003650: $19 <= 00000004
@00003654: $15 <= fffffffc
@00003658: $16 <= 00000001
@0000365c: $17 <= 00000002
@00003664: $16 <= 00000001
@00003668: $17 <= 00000002
@0000366c: $18 <= 00000003
@00003670: $19 <= 00000004
@00003674: $ 8 <= 00000004
@00003678: $ 9 <= 00000008
@0000367c: $10 <= 0000000c
@00003680: $11 <= 00000010
@00003684: $12 <= fffffffc
@00003688: $13 <= 00000010
@00003690: $16 <= 00000001
@00003698: $18 <= 00000003
@0000369c: $19 <= 00000004
@000036a0: $14 <= 00000010
@000036a4: $16 <= 00000001
@000036ac: $16 <= 00000001
@000036b4: $18 <= 00000003
@000036b8: $19 <= 00000004
@000036bc: $15 <= 00000010
@000036c0: $16 <= 00000001
@000036c4: $17 <= 00000002
@000036cc: $16 <= 00000001
@000036d4: $18 <= 00000003
@000036d8: $19 <= 00000004
@000036dc: $13 <= 00000008
@000036e4: $16 <= 00000001
@000036ec: $18 <= 00000003
@000036f0: $19 <= 00000004
@000036f4: $14 <= 00000008
@000036f8: $16 <= 00000001
@00003700: $16 <= 00000001
@00003708: $18 <= 00000003
@0000370c: $19 <= 00000004
@00003710: $15 <= 00000008
@00003714: $16 <= 00000001
@00003718: $17 <= 00000002
@00003720: $16 <= 00000001
@00003728: $18 <= 00000003
@0000372c: $19 <= 00000004
@00003730: $ 8 <= 00000004
@00003734: $ 9 <= 00000008
@00003738: $10 <= 0000000c
@0000373c: $11 <= 00000010
@00003740: $12 <= fffffffc
@00003744: $13 <= 00000010
@0000374c: $16 <= 00000001
@00003750: $17 <= 00000002
@00003754: $18 <= 00000003
@00003758: $19 <= 00000004
@0000375c: $14 <= 00000010
@00003760: $16 <= 00000001
@00003768: $16 <= 00000001
@0000376c: $17 <= 00000002
@00003770: $18 <= 00000003
@00003774: $19 <= 00000004
@00003778: $15 <= 00000010
@0000377c: $16 <= 00000001
@00003780: $17 <= 00000002
@00003788: $16 <= 00000001
@0000378c: $17 <= 00000002
@00003790: $18 <= 00000003
@00003794: $19 <= 00000004
@00003798: $13 <= 00000008
@000037a0: $16 <= 00000001
@000037a4: $17 <= 00000002
@000037a8: $18 <= 00000003
@000037ac: $19 <= 00000004
@000037b0: $14 <= 00000008
@000037b4: $16 <= 00000001
@000037bc: $16 <= 00000001
@000037c0: $17 <= 00000002
@000037c4: $18 <= 00000003
@000037c8: $19 <= 00000004
@000037cc: $15 <= 00000008
@000037d0: $16 <= 00000001
@000037d4: $17 <= 00000002
@000037dc: $16 <= 00000001
@000037e0: $17 <= 00000002
@000037e4: $18 <= 00000003
@000037e8: $19 <= 00000004
@000037ec: $ 8 <= 00000004
@000037f0: $ 9 <= 00000008
@000037f4: $10 <= 0000000c
@000037f8: $16 <= 00000001
@000037fc: *00000000 <= 00000004
@00003800: *00000004 <= 00000008
@00003804: *00000008 <= 0000000c
@00003808: $16 <= 00000001
@0000380c: $17 <= 00000002
@00003810: $11 <= 00000008
@00003818: $16 <= 00000001
@00003820: $18 <= 00000002
@00003824: $19 <= 00000003
@00003828: $12 <= 00000008
@0000382c: $18 <= 00000002
@00003834: $16 <= 00000001
@0000383c: $18 <= 00000002
@00003840: $19 <= 00000003
@00003844: $13 <= 00000008
@00003848: $18 <= 00000002
@0000384c: $19 <= 00000003
@00003854: $16 <= 00000001
@0000385c: $18 <= 00000002
@00003860: $19 <= 00000003
@00003864: $14 <= 00000008
@0000386c: $16 <= 00000001
@00003874: $18 <= 00000002
@00003878: $19 <= 00000003
@0000387c: $15 <= 00000008
@00003880: $18 <= 00000002
@00003888: $16 <= 00000001
@00003890: $18 <= 00000002
@00003894: $19 <= 00000003
@00003898: $24 <= 00000008
@0000389c: $18 <= 00000002
@000038a0: $19 <= 00000003
@000038a8: $16 <= 00000001
@000038b0: $18 <= 00000002
@000038b4: $19 <= 00000003
@000038b8: $ 8 <= 00000004
@000038bc: $ 9 <= 00000008
@000038c0: $10 <= 0000000c
@000038c4: $16 <= 00000001
@000038c8: *00000000 <= 00000004
@000038cc: *00000004 <= 00000008
@000038d0: *00000008 <= 0000000c
@000038d4: $16 <= 00000001
@000038d8: $17 <= 00000002
@000038dc: $11 <= 00000008
@000038e4: $16 <= 00000001
@000038e8: $17 <= 00000002
@000038ec: $18 <= 00000002
@000038f0: $19 <= 00000003
@000038f4: $12 <= 00000008
@000038f8: $18 <= 00000002
@00003900: $16 <= 00000001
@00003904: $17 <= 00000002
@00003908: $18 <= 00000002
@0000390c: $19 <= 00000003
@00003910: $13 <= 00000008
@00003914: $18 <= 00000002
@00003918: $19 <= 00000003
@00003920: $16 <= 00000001
@00003924: $17 <= 00000002
@00003928: $18 <= 00000002
@0000392c: $19 <= 00000003
@00003930: $14 <= 00000008
@00003938: $16 <= 00000001
@0000393c: $17 <= 00000002
@00003940: $18 <= 00000002
@00003944: $19 <= 00000003
@00003948: $15 <= 00000008
@0000394c: $18 <= 00000002
@00003954: $16 <= 00000001
@00003958: $17 <= 00000002
@0000395c: $18 <= 00000002
@00003960: $19 <= 00000003
@00003964: $24 <= 00000008
@00003968: $18 <= 00000002
@0000396c: $19 <= 00000003
@00003974: $16 <= 00000001
@00003978: $17 <= 00000002
@0000397c: $18 <= 00000002
@00003980: $19 <= 00000003
@00003984: $ 8 <= 00000004
@00003988: $ 9 <= 000039a0
@0000398c: $10 <= 000039c0
@00003990: $11 <= 000039a4
@00003994: $12 <= 00003a04
@00003998: $31 <= 000039a0
@0000399c: $16 <= 00000001
@000039a8: $16 <= 00000001
@000039b0: $18 <= 00000002
@000039b4: $19 <= 00000003
@000039b8: $31 <= 000039c0
@000039bc: $16 <= 00000001
@000039c4: $18 <= 00000002
@000039cc: $16 <= 00000001
@000039d4: $18 <= 00000002
@000039d8: $19 <= 00000003
@000039dc: $31 <= 000039e4
@000039e0: $16 <= 00000001
@000039ec: $16 <= 00000001
@000039f0: $17 <= 00000002
@000039f4: $18 <= 00000002
@000039f8: $19 <= 00000003
@000039fc: $31 <= 00003a04
@00003a00: $16 <= 00000001
@00003a08: $18 <= 00000002
@00003a10: $16 <= 00000001
@00003a18: $18 <= 00000002
@00003a1c: $19 <= 00000003
@00003a20: $ 8 <= 00000004
@00003a24: $ 9 <= 0000399c
@00003a28: $10 <= 000039bc
@00003a2c: $11 <= 000039e0
@00003a30: $12 <= 00003a00
@00003a34: $31 <= 00003a3c
@00003a38: $16 <= 00000001
@00003a44: $16 <= 00000001
@00003a48: $17 <= 00000002
@00003a4c: $18 <= 00000002
@00003a50: $19 <= 00000003
@00003a54: $31 <= 00003a5c
@00003a58: $16 <= 00000001
@00003a60: $18 <= 00000002
@00003a68: $16 <= 00000001
@00003a6c: $17 <= 00000002
@00003a70: $18 <= 00000002
@00003a74: $19 <= 00000003
@00003a78: $31 <= 00003a80
@00003a7c: $16 <= 00000001
@00003a88: $16 <= 00000001
@00003a8c: $17 <= 00000002
@00003a90: $18 <= 00000002
@00003a94: $19 <= 00000003
@00003a98: $31 <= 00003aa0
@00003a9c: $16 <= 00000001
@00003aa4: $18 <= 00000002
@00003aac: $16 <= 00000001
@00003ab0: $17 <= 00000002
@00003ab4: $18 <= 00000002
@00003ab8: $19 <= 00000003
@00003abc: $ 8 <= 00000004
@00003ac0: $ 9 <= 00003010
@00003ac4: $10 <= 00003030
@00003ac8: $11 <= 00003050
@00003acc: $12 <= 00003070
@00003ad0: $31 <= 00003ad8
@00003ad4: $16 <= 00000001
@00003af0: $16 <= 00000001
@00003ad8: $17 <= 00000002
@00003adc: $18 <= 00000002
@00003ae0: $19 <= 00000003
@00003ae8: $20 <= 00000004
@00003af8: $ 8 <= 00000004
@00003afc: $ 9 <= 00003010
@00003b00: $10 <= 00003030
@00003b04: $11 <= 00003050
@00003b08: $12 <= 00003070
@00003b0c: $31 <= 00003b14
@00003b10: $16 <= 00000001
@00003b28: $19 <= 00000003
@00003b30: $16 <= 00000001
@00003b14: $17 <= 00000002
@00003b18: $18 <= 00000002
@00003b1c: $19 <= 00000003
@00003b24: $20 <= 00000004
@00003b38: $ 8 <= 00000004
@00003b3c: $ 9 <= 00000008
@00003b40: $10 <= 00003b58
@00003b44: $16 <= 00000001
@00003b48: $17 <= 00000002
@00003b4c: $18 <= 00000003
@00003b50: $11 <= 00003b5c
@00003b58: $16 <= 00000001
@00003b5c: $17 <= 00000002
@00003b60: $18 <= 00000003
@00003b64: $ 8 <= 00000004
@00003b68: $ 9 <= 00000008
@00003b6c: $10 <= 00003b88
@00003b70: $16 <= 00000001
@00003b74: $17 <= 00000002
@00003b78: $18 <= 00000003
@00003b7c: $11 <= 00003b8c
@00003b80: $16 <= 00000001
@00003b88: $16 <= 00000001
@00003b8c: $17 <= 00000002
@00003b90: $18 <= 00000003
@00003b94: $ 8 <= 00000004
@00003b98: $ 9 <= 00000008
@00003b9c: $10 <= 00003bbc
@00003ba0: $16 <= 00000001
@00003ba4: $17 <= 00000002
@00003ba8: $18 <= 00000003
@00003bac: $11 <= 00003bc0
@00003bb0: $16 <= 00000001
@00003bb4: $17 <= 00000002
@00003bbc: $16 <= 00000001
@00003bc0: $17 <= 00000002
@00003bc4: $18 <= 00000003
@00003bc8: $ 8 <= 00000004
@00003bcc: $ 9 <= 00000008
@00003bd0: $10 <= 00003bec
@00003bd4: $16 <= 00000001
@00003bd8: $17 <= 00000002
@00003bdc: $18 <= 00000003
@00003be0: $11 <= 00003bec
@00003be8: $16 <= 00000001
@00003bec: $17 <= 00000002
@00003bf0: $18 <= 00000003
@00003bf4: $ 8 <= 00000004
@00003bf8: $ 9 <= 00000008
@00003bfc: $10 <= 00003c1c
@00003c00: $16 <= 00000001
@00003c04: $17 <= 00000002
@00003c08: $18 <= 00000003
@00003c0c: $11 <= 00003c1c
@00003c10: $16 <= 00000001
@00003c18: $16 <= 00000001
@00003c1c: $17 <= 00000002
@00003c20: $18 <= 00000003
@00003c24: $ 8 <= 00000004
@00003c28: $ 9 <= 00000008
@00003c2c: $10 <= 00003c50
@00003c30: $16 <= 00000001
@00003c34: $17 <= 00000002
@00003c38: $18 <= 00000003
@00003c3c: $11 <= 00003c50
@00003c40: $16 <= 00000001
@00003c44: $17 <= 00000002
@00003c4c: $16 <= 00000001
@00003c50: $17 <= 00000002
@00003c54: $18 <= 00000003
@00003c58: $ 8 <= 00003c84
@00003c5c: $ 9 <= 00003008
@00003c60: $16 <= 00000000
@00003c64: $16 <= 00000000
@00003c68: *00000000 <= 00003c84
@00003c6c: *00000004 <= 00003008
@00003c70: $16 <= 00000000
@00003c74: $16 <= 00000000
@00003c78: $10 <= 00003c84
@00003c80: $16 <= 00000000
@00003c84: $16 <= 00000000
@00003c88: $16 <= 00000000
@00003c8c: $ 8 <= 00003cbc
@00003c90: $ 9 <= 00003008
# restart
# run 8.500us
Simulator is doing circuit initialization process.
Finished circuit initialization process.
@00003000: $ 8 <= 00000008
@00003004: $ 9 <= 00000008
@00003008: $ 8 <= 00000008
@0000300c: $10 <= 0000000c
@00003010: $ 9 <= 00000008
@00003014: $ 8 <= 00000008
@00003018: $10 <= 0000000c
@0000301c: $11 <= 0000000d
@00003020: $ 9 <= 00000008
@00003024: $ 8 <= 00000008
@00003028: $ 9 <= 00000008
@0000302c: $ 8 <= 00000008
@00003030: $10 <= 0000000c
@00003034: $ 9 <= 00000008
@00003038: $ 8 <= 00000008
@0000303c: $10 <= 0000000c
@00003040: $11 <= 0000000d
@00003044: $ 9 <= 00000008
@00003048: $ 8 <= 00080000
@0000304c: $ 9 <= 00080000
@00003050: $ 8 <= 00080000
@00003054: $10 <= 000c0000
@00003058: $ 9 <= 00080000
@0000305c: $ 8 <= 00080000
@00003060: $10 <= 000c0000
@00003064: $11 <= 000e0000
@00003068: $ 9 <= 00080000
@0000306c: $ 8 <= 00080000
@00003070: $ 9 <= 00080000
@00003074: $ 8 <= 00080000
@00003078: $10 <= 000c0000
@0000307c: $ 9 <= 00080000
@00003080: $ 8 <= 00080000
@00003084: $10 <= 000c0000
@00003088: $11 <= 000e0000
@0000308c: $ 9 <= 00080000
@00003090: $ 8 <= 00080000
@00003094: $ 9 <= 00080000
@00003098: $10 <= 00080000
@0000309c: $ 8 <= 00080000
@000030a0: $ 9 <= 00080000
@000030a4: $11 <= 00100000
@000030a8: $10 <= 00080000
@000030ac: $ 8 <= 00080000
@000030b0: $ 9 <= 00080000
@000030b4: $11 <= 00100000
@000030b8: $12 <= 00100000
@000030bc: $10 <= 00100000
@000030c0: $ 8 <= 00000008
@000030c4: $ 9 <= 0000000c
@000030c8: $10 <= 00000010
@000030cc: $11 <= 00000014
@000030d0: $12 <= 00000018
@000030d4: $13 <= 0000001c
@000030d8: *00000008 <= 0000000c
@000030dc: $16 <= 00000004
@000030e0: $17 <= 00000008
@000030e4: $18 <= 0000000c
@000030e8: $14 <= 0000000c
@000030ec: $15 <= 00000018
@000030f0: $ 8 <= 00000008
@000030f4: $ 9 <= 0000000c
@000030f8: $10 <= 00000010
@000030fc: $11 <= 00000014
@00003100: $12 <= 00000018
@00003104: *00000008 <= 0000000c
@00003108: $16 <= 00000004
@0000310c: $17 <= 00000008
@00003110: $18 <= 0000000c
@00003114: $14 <= 0000000c
@00003118: $13 <= 0000001c
@0000311c: $15 <= 00000018
@00003120: $ 8 <= 00000008
@00003124: $ 9 <= 0000000c
@00003128: $10 <= 00000010
@0000312c: $11 <= 00000014
@00003130: $12 <= 00000018
@00003134: *00000008 <= 0000000c
@00003138: $16 <= 00000004
@0000313c: $17 <= 00000008
@00003140: $18 <= 0000000c
@00003144: $14 <= 0000000c
@00003148: $13 <= 0000001c
@0000314c: $24 <= 00000020
@00003150: $15 <= 00000018
@00003154: $ 8 <= 00000008
@00003158: $ 9 <= 0000000c
@0000315c: $10 <= 00000010
@00003160: $31 <= 00003168
@00003164: $11 <= 000062d0
@00003170: $14 <= 00000014
@00003174: $ 8 <= 00000008
@00003178: $ 9 <= 0000000c
@0000317c: $10 <= 00000010
@00003180: $31 <= 00003188
@00003184: $12 <= 00000014
@0000318c: $11 <= 00006310
@00003190: $14 <= 00000014
@00003194: $15 <= 00000018
@00003198: $ 8 <= 00000008
@0000319c: $ 9 <= 0000000c
@000031a0: $10 <= 00000010
@000031a4: $31 <= 000031ac
@000031a8: $12 <= 00000014
@000031b0: $14 <= 00000014
@000031b4: $11 <= 00006358
@000031b8: $14 <= 00000014
@000031bc: $15 <= 00000018
@000031c0: $ 8 <= 00000008
@000031c4: $ 9 <= 0000000c
@000031c8: $ 8 <= 00000008
@000031cc: $10 <= 00000014
@000031d0: $ 9 <= 0000000c
@000031d4: $ 8 <= 00000008
@000031d8: $10 <= 00000014
@000031dc: $11 <= 00000018
@000031e0: $ 9 <= 0000000c
@000031e4: $ 8 <= 00000008
@000031e8: $ 9 <= 00000014
@000031ec: $10 <= 00000018
@000031f0: $11 <= 0000000c
@000031f4: $12 <= 00000010
@000031f8: $13 <= fffffff4
@000031fc: $14 <= fffffffd
@00003200: $ 8 <= 00000008
@00003204: $ 9 <= 00000014
@00003208: $10 <= 00000018
@0000320c: $11 <= 0000000c
@00003210: $12 <= 00000010
@00003214: $13 <= fffffff4
@00003218: $15 <= 00000014
@0000321c: $14 <= fffffffd
@00003220: $ 8 <= 00000008
@00003224: $ 9 <= 00000014
@00003228: $10 <= 00000018
@0000322c: $11 <= 0000000c
@00003230: $12 <= 00000010
@00003234: $13 <= fffffff4
@00003238: $15 <= 00000014
@0000323c: $24 <= 00000018
@00003240: $14 <= fffffffd
@00003244: $ 8 <= 00000008
@00003248: $ 9 <= 00000014
@0000324c: $10 <= 00000004
@00003250: $11 <= 0000000c
@00003254: $12 <= 00000010
@00003258: *00000014 <= 00000008
@0000325c: $13 <= 00000008
@00003260: $14 <= 0000000d
@00003264: $ 8 <= 00000008
@00003268: $ 9 <= 00000014
@0000326c: $10 <= 00000004
@00003270: $11 <= 0000000c
@00003274: $12 <= 00000010
@00003278: *00000014 <= 00000008
@0000327c: $13 <= 00000008
@00003280: $15 <= 00000014
@00003284: $14 <= 0000000d
@00003288: $ 8 <= 00000008
@0000328c: $ 9 <= 00000014
@00003290: $10 <= 00000004
@00003294: $11 <= 0000000c
@00003298: $12 <= 00000010
@0000329c: *00000014 <= 00000008
@000032a0: $13 <= 00000008
@000032a4: $15 <= 00000014
@000032a8: $24 <= 00000018
@000032ac: $14 <= 0000000d
@000032b0: $ 8 <= 00000008
@000032b4: $ 9 <= 00000014
@000032b8: $31 <= 000032c0
@000032bc: $10 <= 000032c8
@000032c4: $12 <= 00000012
@000032c8: $13 <= 00000016
@000032cc: $14 <= 0000001a
@000032d0: $ 8 <= 00000008
@000032d4: $ 9 <= 00000014
@000032d8: $31 <= 000032e0
@000032dc: $10 <= 00000004
@000032e4: $12 <= 000032f2
@000032e8: $13 <= 00000016
@000032ec: $14 <= 0000001a
@000032f0: $ 8 <= 00000008
@000032f4: $ 9 <= 00000014
@000032f8: $31 <= 00003300
@000032fc: $10 <= 00000004
@00003304: $15 <= 00000006
@00003308: $12 <= 00003312
@0000330c: $13 <= 00000016
@00003310: $14 <= 0000001a
@00003314: $ 8 <= 00000004
@00003318: $ 9 <= 00000008
@0000331c: $10 <= 00000009
@00003320: $11 <= 0000000c
@00003324: *00000004 <= 00000008
@00003328: *00000008 <= 00000009
@0000332c: *0000000c <= 0000000c
@00003330: $12 <= 00000004
@00003334: $13 <= 00000008
@00003338: $13 <= 00000008
@0000333c: $ 0 <= 00000005
@00003340: $14 <= 00000009
@00003344: $14 <= 0000000c
@00003348: $16 <= 0000000c
@0000334c: $17 <= 00000010
@00003350: $15 <= 0000000c
@00003354: $ 8 <= 00000004
@00003358: $ 9 <= 00000008
@0000335c: $10 <= 00000009
@00003360: $11 <= 0000000c
@00003364: *00000004 <= 00000008
@00003368: *00000008 <= 00000009
@0000336c: *0000000c <= 0000000c
@00003370: $12 <= 00000004
@00003374: $13 <= 00000008
@00003378: $13 <= 00000008
@0000337c: $ 0 <= 00000005
@00003380: $14 <= 00000009
@00003384: $14 <= 0000000c
@00003388: $16 <= 0000000c
@0000338c: $17 <= 00000010
@00003390: $15 <= 0000000c
@00003394: $ 8 <= 00000004
@00003398: $ 9 <= 00000008
@0000339c: $10 <= 0000000c
@000033a0: $11 <= 00000010
@000033a4: *00000000 <= 00000004
@000033a8: *00000004 <= 00000008
@000033ac: *00000008 <= 0000000c
@000033b0: *0000000c <= 00000010
@000033b4: $12 <= 00000008
@000033b8: $13 <= 0000000c
@000033bc: $13 <= 00000004
@000033c0: $ 0 <= 00000008
@000033c4: $14 <= 00000008
@000033c8: $14 <= 0000000c
@000033cc: $16 <= 00000001
@000033d0: $17 <= 00000002
@000033d4: $15 <= 00000010
@000033d8: $ 8 <= 00000004
@000033dc: $ 9 <= 00000008
@000033e0: $10 <= 0000000c
@000033e4: $11 <= 00000010
@000033e8: $12 <= 00000014
@000033ec: $13 <= 0000000c
@000033f0: *0000000c <= 0000000c
@000033f4: $14 <= 00000004
@000033f8: $16 <= 0000000c
@000033fc: *00000008 <= 00000010
@00003400: $15 <= 00000010
@00003404: $17 <= 00000004
@00003408: $18 <= 00000008
@0000340c: *00000010 <= 00000014
@00003410: $13 <= 00000004
@00003414: *00000004 <= 00000004
@00003418: $13 <= 00000008
@0000341c: $16 <= 00000002
@00003420: *00000010 <= 00000008
@00003424: $14 <= 00000024
@00003428: $16 <= 00000001
@0000342c: $17 <= 00000002
@00003430: *00000008 <= 00000024
@00003434: $ 8 <= 00000004
@00003438: $ 9 <= 00000008
@0000343c: $10 <= 0000000c
@00003440: $11 <= 00000010
@00003444: $12 <= 00000014
@00003448: $13 <= 0000000c
@0000344c: *0000000c <= 0000000c
@00003450: $14 <= 00000004
@00003454: $16 <= 0000000c
@00003458: *00000008 <= 00000010
@0000345c: $15 <= 00000010
@00003460: $17 <= 00000004
@00003464: $18 <= 00000008
@00003468: *00000010 <= 00000014
@0000346c: $13 <= 00030000
@00003470: *00000004 <= 00030000
@00003474: $13 <= 00010000
@00003478: $16 <= 00000002
@0000347c: *00000010 <= 00010000
@00003480: $ 0 <= 00000009
@00003484: $16 <= 00000001
@00003488: $17 <= 00000002
@0000348c: *00000008 <= 00000000
@00003490: $ 8 <= 00000004
@00003494: $ 9 <= 00000008
@00003498: $10 <= 0000000c
@0000349c: $11 <= 00000010
@000034a0: $12 <= 00000014
@000034a4: *00000000 <= 00000004
@000034a8: *00000004 <= 00000008
@000034ac: *00000008 <= 0000000c
@000034b0: *0000000c <= 00000010
@000034b4: $13 <= 00000008
@000034b8: *00000008 <= 0000000c
@000034bc: $14 <= 00000008
@000034c0: $16 <= 0000000c
@000034c4: *0000000c <= 00000010
@000034c8: $15 <= 0000000c
@000034cc: $17 <= 00000004
@000034d0: $18 <= 00000008
@000034d4: *0000000c <= 00000014
@000034d8: $13 <= 00000014
@000034dc: *00000004 <= 00000014
@000034e0: $13 <= 00010000
@000034e4: $16 <= 00000002
@000034e8: *00000010 <= 00010000
@000034ec: $14 <= 0000000c
@000034f0: $16 <= 00000001
@000034f4: $17 <= 00000002
@000034f8: *00000008 <= 0000000c
@000034fc: $ 8 <= 00000004
@00003500: $ 9 <= 00000008
@00003504: $10 <= 0000000c
@00003508: $11 <= 00000010
@0000350c: $12 <= fffffffc
@00003510: $13 <= 0000000c
@00003518: $16 <= 00000001
@00003520: $18 <= 00000003
@00003524: $19 <= 00000004
@00003528: $14 <= 0000000c
@0000352c: $16 <= 00000001
@00003534: $16 <= 00000001
@0000353c: $18 <= 00000003
@00003540: $19 <= 00000004
@00003544: $15 <= 0000000c
@00003548: $16 <= 00000001
@0000354c: $17 <= 00000002
@00003554: $16 <= 00000001
@0000355c: $18 <= 00000003
@00003560: $19 <= 00000004
@00003564: $13 <= fffffffc
@0000356c: $16 <= 00000001
@00003574: $18 <= 00000003
@00003578: $19 <= 00000004
@0000357c: $14 <= fffffffc
@00003580: $16 <= 00000001
@00003588: $16 <= 00000001
@00003590: $18 <= 00000003
@00003594: $19 <= 00000004
@00003598: $15 <= fffffffc
@0000359c: $16 <= 00000001
@000035a0: $17 <= 00000002
@000035a8: $16 <= 00000001
@000035b0: $18 <= 00000003
@000035b4: $19 <= 00000004
@000035b8: $ 8 <= 00000004
@000035bc: $ 9 <= 00000008
@000035c0: $10 <= 0000000c
@000035c4: $11 <= 00000010
@000035c8: $12 <= fffffffc
@000035cc: $13 <= 0000000c
@000035d4: $16 <= 00000001
@000035d8: $17 <= 00000002
@000035dc: $18 <= 00000003
@000035e0: $19 <= 00000004
@000035e4: $14 <= 0000000c
@000035e8: $16 <= 00000001
@000035f0: $16 <= 00000001
@000035f4: $17 <= 00000002
@000035f8: $18 <= 00000003
@000035fc: $19 <= 00000004
@00003600: $15 <= 0000000c
@00003604: $16 <= 00000001
@00003608: $17 <= 00000002
@00003610: $16 <= 00000001
@00003614: $17 <= 00000002
@00003618: $18 <= 00000003
@0000361c: $19 <= 00000004
@00003620: $13 <= fffffffc
@00003628: $16 <= 00000001
@0000362c: $17 <= 00000002
@00003630: $18 <= 00000003
@00003634: $19 <= 00000004
@00003638: $14 <= fffffffc
@0000363c: $16 <= 00000001
@00003644: $16 <= 00000001
@00003648: $17 <= 00000002
@0000364c: $18 <= 00000003
@00003650: $19 <= 00000004
@00003654: $15 <= fffffffc
@00003658: $16 <= 00000001
@0000365c: $17 <= 00000002
@00003664: $16 <= 00000001
@00003668: $17 <= 00000002
@0000366c: $18 <= 00000003
@00003670: $19 <= 00000004
@00003674: $ 8 <= 00000004
@00003678: $ 9 <= 00000008
@0000367c: $10 <= 0000000c
@00003680: $11 <= 00000010
@00003684: $12 <= fffffffc
@00003688: $13 <= 00000010
@00003690: $16 <= 00000001
@00003698: $18 <= 00000003
@0000369c: $19 <= 00000004
@000036a0: $14 <= 00000010
@000036a4: $16 <= 00000001
@000036ac: $16 <= 00000001
@000036b4: $18 <= 00000003
@000036b8: $19 <= 00000004
@000036bc: $15 <= 00000010
@000036c0: $16 <= 00000001
@000036c4: $17 <= 00000002
@000036cc: $16 <= 00000001
@000036d4: $18 <= 00000003
@000036d8: $19 <= 00000004
@000036dc: $13 <= 00000008
@000036e4: $16 <= 00000001
@000036ec: $18 <= 00000003
@000036f0: $19 <= 00000004
@000036f4: $14 <= 00000008
@000036f8: $16 <= 00000001
@00003700: $16 <= 00000001
@00003708: $18 <= 00000003
@0000370c: $19 <= 00000004
@00003710: $15 <= 00000008
@00003714: $16 <= 00000001
@00003718: $17 <= 00000002
@00003720: $16 <= 00000001
@00003728: $18 <= 00000003
@0000372c: $19 <= 00000004
@00003730: $ 8 <= 00000004
@00003734: $ 9 <= 00000008
@00003738: $10 <= 0000000c
@0000373c: $11 <= 00000010
@00003740: $12 <= fffffffc
@00003744: $13 <= 00000010
@0000374c: $16 <= 00000001
@00003750: $17 <= 00000002
@00003754: $18 <= 00000003
@00003758: $19 <= 00000004
@0000375c: $14 <= 00000010
@00003760: $16 <= 00000001
@00003768: $16 <= 00000001
@0000376c: $17 <= 00000002
@00003770: $18 <= 00000003
@00003774: $19 <= 00000004
@00003778: $15 <= 00000010
@0000377c: $16 <= 00000001
@00003780: $17 <= 00000002
@00003788: $16 <= 00000001
@0000378c: $17 <= 00000002
@00003790: $18 <= 00000003
@00003794: $19 <= 00000004
@00003798: $13 <= 00000008
@000037a0: $16 <= 00000001
@000037a4: $17 <= 00000002
@000037a8: $18 <= 00000003
@000037ac: $19 <= 00000004
@000037b0: $14 <= 00000008
@000037b4: $16 <= 00000001
@000037bc: $16 <= 00000001
@000037c0: $17 <= 00000002
@000037c4: $18 <= 00000003
@000037c8: $19 <= 00000004
@000037cc: $15 <= 00000008
@000037d0: $16 <= 00000001
@000037d4: $17 <= 00000002
@000037dc: $16 <= 00000001
@000037e0: $17 <= 00000002
@000037e4: $18 <= 00000003
@000037e8: $19 <= 00000004
@000037ec: $ 8 <= 00000004
@000037f0: $ 9 <= 00000008
@000037f4: $10 <= 0000000c
@000037f8: $16 <= 00000001
@000037fc: *00000000 <= 00000004
@00003800: *00000004 <= 00000008
@00003804: *00000008 <= 0000000c
@00003808: $16 <= 00000001
@0000380c: $17 <= 00000002
@00003810: $11 <= 00000008
@00003818: $16 <= 00000001
@00003820: $18 <= 00000002
@00003824: $19 <= 00000003
@00003828: $12 <= 00000008
@0000382c: $18 <= 00000002
@00003834: $16 <= 00000001
@0000383c: $18 <= 00000002
@00003840: $19 <= 00000003
@00003844: $13 <= 00000008
@00003848: $18 <= 00000002
@0000384c: $19 <= 00000003
@00003854: $16 <= 00000001
@0000385c: $18 <= 00000002
@00003860: $19 <= 00000003
@00003864: $14 <= 00000008
@0000386c: $16 <= 00000001
@00003874: $18 <= 00000002
@00003878: $19 <= 00000003
@0000387c: $15 <= 00000008
@00003880: $18 <= 00000002
@00003888: $16 <= 00000001
@00003890: $18 <= 00000002
@00003894: $19 <= 00000003
@00003898: $24 <= 00000008
@0000389c: $18 <= 00000002
@000038a0: $19 <= 00000003
@000038a8: $16 <= 00000001
@000038b0: $18 <= 00000002
@000038b4: $19 <= 00000003
@000038b8: $ 8 <= 00000004
@000038bc: $ 9 <= 00000008
@000038c0: $10 <= 0000000c
@000038c4: $16 <= 00000001
@000038c8: *00000000 <= 00000004
@000038cc: *00000004 <= 00000008
@000038d0: *00000008 <= 0000000c
@000038d4: $16 <= 00000001
@000038d8: $17 <= 00000002
@000038dc: $11 <= 00000008
@000038e4: $16 <= 00000001
@000038e8: $17 <= 00000002
@000038ec: $18 <= 00000002
@000038f0: $19 <= 00000003
@000038f4: $12 <= 00000008
@000038f8: $18 <= 00000002
@00003900: $16 <= 00000001
@00003904: $17 <= 00000002
@00003908: $18 <= 00000002
@0000390c: $19 <= 00000003
@00003910: $13 <= 00000008
@00003914: $18 <= 00000002
@00003918: $19 <= 00000003
@00003920: $16 <= 00000001
@00003924: $17 <= 00000002
@00003928: $18 <= 00000002
@0000392c: $19 <= 00000003
@00003930: $14 <= 00000008
@00003938: $16 <= 00000001
@0000393c: $17 <= 00000002
@00003940: $18 <= 00000002
@00003944: $19 <= 00000003
@00003948: $15 <= 00000008
@0000394c: $18 <= 00000002
@00003954: $16 <= 00000001
@00003958: $17 <= 00000002
@0000395c: $18 <= 00000002
@00003960: $19 <= 00000003
@00003964: $24 <= 00000008
@00003968: $18 <= 00000002
@0000396c: $19 <= 00000003
@00003974: $16 <= 00000001
@00003978: $17 <= 00000002
@0000397c: $18 <= 00000002
@00003980: $19 <= 00000003
@00003984: $ 8 <= 00000004
@00003988: $ 9 <= 000039a0
@0000398c: $10 <= 000039c0
@00003990: $11 <= 000039a4
@00003994: $12 <= 00003a04
@00003998: $31 <= 000039a0
@0000399c: $16 <= 00000001
@000039a8: $16 <= 00000001
@000039b0: $18 <= 00000002
@000039b4: $19 <= 00000003
@000039b8: $31 <= 000039c0
@000039bc: $16 <= 00000001
@000039c4: $18 <= 00000002
@000039cc: $16 <= 00000001
@000039d4: $18 <= 00000002
@000039d8: $19 <= 00000003
@000039dc: $31 <= 000039e4
@000039e0: $16 <= 00000001
@000039ec: $16 <= 00000001
@000039f0: $17 <= 00000002
@000039f4: $18 <= 00000002
@000039f8: $19 <= 00000003
@000039fc: $31 <= 00003a04
@00003a00: $16 <= 00000001
@00003a08: $18 <= 00000002
@00003a10: $16 <= 00000001
@00003a18: $18 <= 00000002
@00003a1c: $19 <= 00000003
@00003a20: $ 8 <= 00000004
@00003a24: $ 9 <= 0000399c
@00003a28: $10 <= 000039bc
@00003a2c: $11 <= 000039e0
@00003a30: $12 <= 00003a00
@00003a34: $31 <= 00003a3c
@00003a38: $16 <= 00000001
@00003a44: $16 <= 00000001
@00003a48: $17 <= 00000002
@00003a4c: $18 <= 00000002
@00003a50: $19 <= 00000003
@00003a54: $31 <= 00003a5c
@00003a58: $16 <= 00000001
@00003a60: $18 <= 00000002
@00003a68: $16 <= 00000001
@00003a6c: $17 <= 00000002
@00003a70: $18 <= 00000002
@00003a74: $19 <= 00000003
@00003a78: $31 <= 00003a80
@00003a7c: $16 <= 00000001
@00003a88: $16 <= 00000001
@00003a8c: $17 <= 00000002
@00003a90: $18 <= 00000002
@00003a94: $19 <= 00000003
@00003a98: $31 <= 00003aa0
@00003a9c: $16 <= 00000001
@00003aa4: $18 <= 00000002
@00003aac: $16 <= 00000001
@00003ab0: $17 <= 00000002
@00003ab4: $18 <= 00000002
@00003ab8: $19 <= 00000003
@00003abc: $ 8 <= 00000004
@00003ac0: $ 9 <= 00003010
@00003ac4: $10 <= 00003030
@00003ac8: $11 <= 00003050
@00003acc: $12 <= 00003070
@00003ad0: $31 <= 00003ad8
@00003ad4: $16 <= 00000001
@00003af0: $16 <= 00000001
@00003ad8: $17 <= 00000002
@00003adc: $18 <= 00000002
@00003ae0: $19 <= 00000003
@00003ae8: $20 <= 00000004
@00003af8: $ 8 <= 00000004
@00003afc: $ 9 <= 00003010
@00003b00: $10 <= 00003030
@00003b04: $11 <= 00003050
@00003b08: $12 <= 00003070
@00003b0c: $31 <= 00003b14
@00003b10: $16 <= 00000001
@00003b28: $19 <= 00000003
@00003b30: $16 <= 00000001
@00003b14: $17 <= 00000002
@00003b18: $18 <= 00000002
@00003b1c: $19 <= 00000003
@00003b24: $20 <= 00000004
@00003b38: $ 8 <= 00000004
@00003b3c: $ 9 <= 00000008
@00003b40: $10 <= 00003b58
@00003b44: $16 <= 00000001
@00003b48: $17 <= 00000002
@00003b4c: $18 <= 00000003
@00003b50: $11 <= 00003b5c
@00003b58: $16 <= 00000001
@00003b5c: $17 <= 00000002
@00003b60: $18 <= 00000003
@00003b64: $ 8 <= 00000004
@00003b68: $ 9 <= 00000008
@00003b6c: $10 <= 00003b88
@00003b70: $16 <= 00000001
@00003b74: $17 <= 00000002
@00003b78: $18 <= 00000003
@00003b7c: $11 <= 00003b8c
@00003b80: $16 <= 00000001
@00003b88: $16 <= 00000001
@00003b8c: $17 <= 00000002
@00003b90: $18 <= 00000003
@00003b94: $ 8 <= 00000004
@00003b98: $ 9 <= 00000008
@00003b9c: $10 <= 00003bbc
@00003ba0: $16 <= 00000001
@00003ba4: $17 <= 00000002
@00003ba8: $18 <= 00000003
@00003bac: $11 <= 00003bc0
@00003bb0: $16 <= 00000001
@00003bb4: $17 <= 00000002
@00003bbc: $16 <= 00000001
@00003bc0: $17 <= 00000002
@00003bc4: $18 <= 00000003
@00003bc8: $ 8 <= 00000004
@00003bcc: $ 9 <= 00000008
@00003bd0: $10 <= 00003bec
@00003bd4: $16 <= 00000001
@00003bd8: $17 <= 00000002
@00003bdc: $18 <= 00000003
@00003be0: $11 <= 00003bec
@00003be8: $16 <= 00000001
@00003bec: $17 <= 00000002
@00003bf0: $18 <= 00000003
@00003bf4: $ 8 <= 00000004
@00003bf8: $ 9 <= 00000008
@00003bfc: $10 <= 00003c1c
@00003c00: $16 <= 00000001
@00003c04: $17 <= 00000002
@00003c08: $18 <= 00000003
@00003c0c: $11 <= 00003c1c
@00003c10: $16 <= 00000001
@00003c18: $16 <= 00000001
@00003c1c: $17 <= 00000002
@00003c20: $18 <= 00000003
@00003c24: $ 8 <= 00000004
@00003c28: $ 9 <= 00000008
@00003c2c: $10 <= 00003c50
@00003c30: $16 <= 00000001
@00003c34: $17 <= 00000002
@00003c38: $18 <= 00000003
@00003c3c: $11 <= 00003c50
@00003c40: $16 <= 00000001
@00003c44: $17 <= 00000002
@00003c4c: $16 <= 00000001
@00003c50: $17 <= 00000002
@00003c54: $18 <= 00000003
@00003c58: $ 8 <= 00003c84
@00003c5c: $ 9 <= 00003008
@00003c60: $16 <= 00000000
@00003c64: $16 <= 00000000
@00003c68: *00000000 <= 00003c84
@00003c6c: *00000004 <= 00003008
@00003c70: $16 <= 00000000
@00003c74: $16 <= 00000000
@00003c78: $10 <= 00003c84
@00003c80: $16 <= 00000000
@00003c84: $16 <= 00000000
@00003c88: $16 <= 00000000
@00003c8c: $ 8 <= 00003cbc
@00003c90: $ 9 <= 00003008
@00003c94: $16 <= 00000000
@00003c98: $16 <= 00000000
@00003c9c: *00000000 <= 00003cbc
@00003ca0: *00000004 <= 00003008
@00003ca4: $16 <= 00000000
@00003ca8: $16 <= 00000000
@00003cac: $10 <= 00003cbc
@00003cb0: $16 <= 00000000
@00003cb8: $16 <= 00000000
@00003cbc: $16 <= 00000000
@00003cc0: $16 <= 00000000
@00003cc4: $ 8 <= 00003cf8
@00003cc8: $ 9 <= 00003008
@00003ccc: $16 <= 00000000
@00003cd0: $16 <= 00000000
@00003cd4: *00000000 <= 00003cf8
@00003cd8: *00000004 <= 00003008
@00003cdc: $16 <= 00000000
@00003ce0: $16 <= 00000000
@00003ce4: $10 <= 00003cf8
@00003ce8: $16 <= 00000000
@00003cec: $16 <= 00000000
@00003cf4: $16 <= 00000000
@00003cf8: $16 <= 00000000
@00003cfc: $16 <= 00000000
@00003000: $ 8 <= 00000008
@00003000: $ 8 <= 00000008
@00003004: $ 9 <= 00000008
@00003008: $ 8 <= 00000008
@0000300c: $10 <= 0000000c
@00003010: $ 9 <= 00000008
@00003014: $ 8 <= 00000008
@00003018: $10 <= 0000000c
@0000301c: $11 <= 0000000d
@00003020: $ 9 <= 00000008
@00003024: $ 8 <= 00000008
@00003028: $ 9 <= 00000008
@0000302c: $ 8 <= 00000008
@00003030: $10 <= 0000000c
@00003034: $ 9 <= 00000008
@00003038: $ 8 <= 00000008
@0000303c: $10 <= 0000000c
@00003040: $11 <= 0000000d
@00003044: $ 9 <= 00000008
