ISim log file
Running: D:\CO\P5\lwso\CPU_tb_isim_beh.exe -intstyle ise -gui -tclbatch isim.cmd -wdb D:/CO/P5/lwso/CPU_tb_isim_beh.wdb 
ISim P.20131013 (signature 0x7708f090)
This is a Full version of ISim.
Time resolution is 1 ps
# onerror resume
# wave add /
# run 1000 ns
Simulator is doing circuit initialization process.
Finished circuit initialization process.
                  55@00003000: $ 1 <= 00003014
                  65@00003004: $ 2 <= 00003014
                  65@00003008: *00000000 <= 00003014
                  85@0000300c: $31 <= 00003014
                  95@00003010: $31 <= 00003014
                 115@00003014: $31 <= 00003014
                 165@00003000: $ 1 <= 00003014
                 175@00003000: $ 1 <= 00003014
                 185@00003004: $ 2 <= 00003014
                 185@00003008: *00000000 <= 00003014
                 205@0000300c: $31 <= 00003014
                 215@00003010: $31 <= 00003014
                 235@00003014: $31 <= 00003014
                 285@00003000: $ 1 <= 00003014
                 295@00003000: $ 1 <= 00003014
                 305@00003004: $ 2 <= 00003014
                 305@00003008: *00000000 <= 00003014
                 325@0000300c: $31 <= 00003014
                 335@00003010: $31 <= 00003014
                 355@00003014: $31 <= 00003014
                 405@00003000: $ 1 <= 00003014
                 415@00003000: $ 1 <= 00003014
                 425@00003004: $ 2 <= 00003014
                 425@00003008: *00000000 <= 00003014
                 445@0000300c: $31 <= 00003014
                 455@00003010: $31 <= 00003014
                 475@00003014: $31 <= 00003014
                 525@00003000: $ 1 <= 00003014
                 535@00003000: $ 1 <= 00003014
                 545@00003004: $ 2 <= 00003014
                 545@00003008: *00000000 <= 00003014
                 565@0000300c: $31 <= 00003014
                 575@00003010: $31 <= 00003014
                 595@00003014: $31 <= 00003014
                 645@00003000: $ 1 <= 00003014
                 655@00003000: $ 1 <= 00003014
                 665@00003004: $ 2 <= 00003014
                 665@00003008: *00000000 <= 00003014
                 685@0000300c: $31 <= 00003014
                 695@00003010: $31 <= 00003014
                 715@00003014: $31 <= 00003014
                 765@00003000: $ 1 <= 00003014
                 775@00003000: $ 1 <= 00003014
                 785@00003004: $ 2 <= 00003014
                 785@00003008: *00000000 <= 00003014
                 805@0000300c: $31 <= 00003014
                 815@00003010: $31 <= 00003014
                 835@00003014: $31 <= 00003014
                 885@00003000: $ 1 <= 00003014
                 895@00003000: $ 1 <= 00003014
                 905@00003004: $ 2 <= 00003014
                 905@00003008: *00000000 <= 00003014
                 925@0000300c: $31 <= 00003014
                 935@00003010: $31 <= 00003014
                 955@00003014: $31 <= 00003014
