Running: D:\ISE\14.7\ISE_DS\ISE\bin\nt64\unwrapped\fuse.exe -intstyle ise -incremental -lib unisims_ver -lib unimacro_ver -lib xilinxcorelib_ver -o D:/CO/P1/P1.Q3/ext_tb_isim_beh.exe -prj D:/CO/P1/P1.Q3/ext_tb_beh.prj work.ext_tb work.glbl 
ISim P.20131013 (signature 0x7708f090)
Number of CPUs detected in this system: 8
Turning on mult-threading, number of parallel sub-compilation jobs: 16 
Determining compilation order of HDL files
Analyzing Verilog file "D:/CO/P1/P1.Q3/ext.v" into library work
Analyzing Verilog file "D:/CO/P1/P1.Q3/ext_tb.v" into library work
Analyzing Verilog file "D:/ISE/14.7/ISE_DS/ISE//verilog/src/glbl.v" into library work
Starting static elaboration
Completed static elaboration
Compiling module ext
Compiling module ext_tb
Compiling module glbl
Time Resolution for simulation is 1ps.
Waiting for 1 sub-compilation(s) to finish...
WARNING:Simulator - Unable to copy libPortabilityNOSH.dll to the simulation executable directory: boost::filesystem::copy_file: 系统找不到指定的路径。, "isim\ext_tb_isim_beh.exe.sim\libPortability.dll".
Compiled 3 Verilog Units
Built simulation executable D:/CO/P1/P1.Q3/ext_tb_isim_beh.exe
Fuse Memory Usage: 27852 KB
Fuse CPU Usage: 328 ms
