Running: D:\ISE\14.7\ISE_DS\ISE\bin\nt64\unwrapped\fuse.exe -intstyle ise -incremental -lib unisims_ver -lib unimacro_ver -lib xilinxcorelib_ver -lib secureip -o D:/CO/P4/CPU_new/CPU/CPU_tb1_isim_beh.exe -prj D:/CO/P4/CPU_new/CPU/CPU_tb1_beh.prj work.CPU_tb1 work.glbl 
ISim P.20131013 (signature 0x7708f090)
Number of CPUs detected in this system: 8
Turning on mult-threading, number of parallel sub-compilation jobs: 16 
Determining compilation order of HDL files
Analyzing Verilog file "D:/CO/P4/CPU_new/CPU/PC.v" into library work
Analyzing Verilog file "D:/CO/P4/CPU_new/CPU/NPC.v" into library work
Analyzing Verilog file "D:/CO/P4/CPU_new/CPU/IM.v" into library work
Analyzing Verilog file "D:/CO/P4/CPU_new/CPU/GRF.v" into library work
Analyzing Verilog file "D:/CO/P4/CPU_new/CPU/EXT.v" into library work
Analyzing Verilog file "D:/CO/P4/CPU_new/CPU/DM.v" into library work
Analyzing Verilog file "D:/CO/P4/CPU_new/CPU/ALU.v" into library work
Analyzing Verilog file "D:/CO/P4/CPU_new/CPU/DATAPATH.v" into library work
Analyzing Verilog file "D:/CO/P4/CPU_new/CPU/CONTROL.v" into library work
Analyzing Verilog file "D:/CO/P4/CPU_new/CPU/mips.v" into library work
Analyzing Verilog file "D:/CO/P4/CPU_new/CPU/CPU_tb1.v" into library work
Analyzing Verilog file "D:/ISE/14.7/ISE_DS/ISE//verilog/src/glbl.v" into library work
Starting static elaboration
Completed static elaboration
Compiling module CONTROL
Compiling module PC
Compiling module NPC
Compiling module IM
Compiling module ALU
Compiling module DM
Compiling module EXT
Compiling module GRF
Compiling module DATAPATH
Compiling module mips
Compiling module CPU_tb1
Compiling module glbl
Time Resolution for simulation is 1ps.
Waiting for 1 sub-compilation(s) to finish...
WARNING:Simulator - Unable to copy libPortabilityNOSH.dll to the simulation executable directory: boost::filesystem::copy_file: 系统找不到指定的路径。, "isim\CPU_tb1_isim_beh.exe.sim\libPortability.dll".
Compiled 12 Verilog Units
Built simulation executable D:/CO/P4/CPU_new/CPU/CPU_tb1_isim_beh.exe
Fuse Memory Usage: 28744 KB
Fuse CPU Usage: 406 ms
