ISim log file
Running: D:\CO\P6\CPU_2\CPU_tb_isim_beh.exe -intstyle ise -gui -tclbatch isim.cmd -wdb D:/CO/P6/CPU_2/CPU_tb_isim_beh.wdb 
ISim P.20131013 (signature 0x7708f090)
This is a Full version of ISim.
Time resolution is 1 ps
# onerror resume
# wave add /
# run 1000 ns
Simulator is doing circuit initialization process.
Finished circuit initialization process.
@00003000: $ 1 <= 00001234
@00003004: $ 2 <= 78980000
@00003008: $ 3 <= 0f130000
@0000300c: $ 4 <= 78980000
@00003010: $ 5 <= 00000001
@00003014: $ 1 <= 00000020
@00003018: *00000020 <= 78980000
@0000301c: *00000024 <= 78980000
@00003020: *00000028 <= 0f130000
@00003024: *00000020 <= 00000020
@00003028: $ 3 <= 00000020
@0000302c: *00000020 <= 00000000
@00003030: *00000020 <= 00010000
@00003034: *00000024 <= 78980020
@00003038: $ 1 <= 00000000
@0000303c: $ 2 <= 00000000
@00003040: $ 3 <= 00000000
@00003044: $ 4 <= 00000000
@00003048: $ 5 <= 00001234
@0000304c: $ 6 <= 00000000
@00003050: $ 7 <= 00000000
@00003054: $ 1 <= 00000004
@00003058: *00000000 <= 00000004
@0000305c: $ 2 <= 00000004
@00003060: $ 3 <= 00000000
@00003064: $ 4 <= 00000000
@00003068: $ 5 <= 00000004
@0000306c: $31 <= 00003074
@00003078: $ 3 <= 00003078
@0000307c: $ 4 <= 0000000c
@00003080: $31 <= 00003088
@0000308c: $ 1 <= 00000000
@00003090: $ 2 <= 00000000
@00003094: $31 <= 0000309c
@000030a0: *0000248c <= 00000000
@000030a4: *0000248c <= 00000000
@000030a8: $ 1 <= 000030b0
@000030ac: $ 2 <= 000030b4
@000030b4: $ 3 <= 00006168
@000030b8: $ 1 <= 000030c0
@000030bc: $ 2 <= 000030c4
@000030c4: $ 3 <= 00000000
@000030c8: $ 1 <= 000030d0
@000030cc: $ 2 <= 000030d4
@000030d4: *00000004 <= 00000000
@000030d8: $ 1 <= 000030e0
@000030dc: $ 2 <= 000030e4
@000030e8: $ 3 <= 00000004
@000030ec: $ 1 <= 000030f4
@000030f0: $ 2 <= 000030f8
@000030f8: $20 <= 88880000
@000030fc: $ 3 <= 00000000
@00003100: $ 1 <= 00003108
@00003104: $ 2 <= 0000310c
@0000310c: $20 <= 88880000
@00003110: *00000004 <= 00000000
@00003114: $ 1 <= 0000ffff
@00003118: $ 2 <= 12350000
@00003120: $ 1 <= 00001234
@00003124: $ 3 <= 00001240
@00003128: $ 3 <= 00000000
@0000312c: $ 3 <= 12351234
@00003130: $ 2 <= 00001234
# restart
# run 5.00us
Simulator is doing circuit initialization process.
Finished circuit initialization process.
@00003000: $ 1 <= 00001234
@00003004: $ 2 <= 78980000
@00003008: $ 3 <= 0f130000
@0000300c: $ 4 <= 78980000
@00003010: $ 5 <= 00000001
@00003014: $ 1 <= 00000020
@00003018: *00000020 <= 78980000
@0000301c: *00000024 <= 78980000
@00003020: *00000028 <= 0f130000
@00003024: *00000020 <= 00000020
@00003028: $ 3 <= 00000020
@0000302c: *00000020 <= 00000000
@00003030: *00000020 <= 00010000
@00003034: *00000024 <= 78980020
@00003038: $ 1 <= 00000000
@0000303c: $ 2 <= 00000000
@00003040: $ 3 <= 00000000
@00003044: $ 4 <= 00000000
@00003048: $ 5 <= 00001234
@0000304c: $ 6 <= 00000000
@00003050: $ 7 <= 00000000
@00003054: $ 1 <= 00000004
@00003058: *00000000 <= 00000004
@0000305c: $ 2 <= 00000004
@00003060: $ 3 <= 00000000
@00003064: $ 4 <= 00000000
@00003068: $ 5 <= 00000004
@0000306c: $31 <= 00003074
@00003078: $ 3 <= 00003078
@0000307c: $ 4 <= 0000000c
@00003080: $31 <= 00003088
@0000308c: $ 1 <= 00000000
@00003090: $ 2 <= 00000000
@00003094: $31 <= 0000309c
@000030a0: *0000248c <= 00000000
@000030a4: *0000248c <= 00000000
@000030a8: $ 1 <= 000030b0
@000030ac: $ 2 <= 000030b4
@000030b4: $ 3 <= 00006168
@000030b8: $ 1 <= 000030c0
@000030bc: $ 2 <= 000030c4
@000030c4: $ 3 <= 00000000
@000030c8: $ 1 <= 000030d0
@000030cc: $ 2 <= 000030d4
@000030d4: *00000004 <= 00000000
@000030d8: $ 1 <= 000030e0
@000030dc: $ 2 <= 000030e4
@000030e8: $ 3 <= 00000004
@000030ec: $ 1 <= 000030f4
@000030f0: $ 2 <= 000030f8
@000030f8: $20 <= 88880000
@000030fc: $ 3 <= 00000000
@00003100: $ 1 <= 00003108
@00003104: $ 2 <= 0000310c
@0000310c: $20 <= 88880000
@00003110: *00000004 <= 00000000
@00003114: $ 1 <= 0000ffff
@00003118: $ 2 <= 12350000
@00003120: $ 1 <= 00001234
@00003124: $ 3 <= 00001240
@00003128: $ 3 <= 00000000
@0000312c: $ 3 <= 12351234
@00003130: $ 2 <= 00001234
@00003134: $ 3 <= 00000004
@00003138: $ 3 <= 00000004
@0000313c: $ 3 <= 00000004
@00003140: $ 2 <= edcb0000
@00003144: *00000000 <= edcb0000
@00003148: *00000000 <= edcb0000
@0000314c: *00000000 <= edcb0000
@00003150: $ 2 <= 00001234
@00003154: *00000000 <= 00000004
@00003158: *00000000 <= 00000004
@0000315c: *00000000 <= 00000004
@00003160: $ 1 <= 0000316c
@0000316c: $ 1 <= 00003180
@00003180: $20 <= 88880000
@00003184: $ 1 <= 000031a0
@000031a0: $ 1 <= 000031b4
@000031a4: *00000000 <= 000031b4
@000031a8: $ 1 <= 000031b4
@000031b4: $20 <= 88880000
@000031bc: $ 1 <= 000031d8
@000031c0: *00000000 <= 000031d8
@000031c4: $ 1 <= 000031d8
@000031dc: $ 1 <= 000031fc
@000031e0: *00000000 <= 000031fc
@000031e4: $ 1 <= 000031fc
@00003200: $ 1 <= 00000001
@00003204: $ 2 <= 0000321c
@0000320c: $ 3 <= 0000321c
@00003220: $ 1 <= 00000001
@00003224: $ 2 <= 00003240
@0000322c: $ 3 <= 00003240
@00003244: $ 1 <= 00000001
@00003248: $ 2 <= 00003268
@00003250: $ 3 <= 00003268
@0000326c: $31 <= 00003274
@00003274: $20 <= 88880000
@00003278: $31 <= 00003280
@0000329c: $20 <= 88880000
@00003280: $20 <= 88880000
@00003284: $31 <= 0000328c
@000032a8: $ 1 <= 0000328c
@000032ac: $ 2 <= 000032b4
@000032b4: $20 <= 88880000
@000032b8: $ 1 <= 000032cc
@000032bc: $ 2 <= 000032c4
@000032c4: $20 <= 88880000
@000032c8: $31 <= 000032d0
@000032d8: $ 1 <= 000032e8
@000032dc: $ 2 <= 000032e4
@000032ec: $ 1 <= 00003300
@000032f0: *00000000 <= 00003300
@000032f4: $ 1 <= 00003300
@000032f8: $ 2 <= 00003300
@00003300: $20 <= 88880000
@00003304: $ 1 <= 00000001
@00003308: $ 2 <= 00003320
@00003310: $ 1 <= 00003320
@00003314: $ 2 <= 0000331c
@00003324: $ 1 <= 00003338
@0000332c: $ 2 <= 00003334
@0000333c: $ 1 <= 00003354
@00003348: $ 2 <= 00003350
@00003358: $ 1 <= 00003370
@0000335c: *00000000 <= 00003370
@00003360: $ 1 <= 00003370
@00003368: $ 2 <= 00003370
@00003370: $20 <= 88880000
@00003374: $ 1 <= 00003390
@00003378: *00000000 <= 00003390
@0000337c: $ 1 <= 00003390
@00003388: $ 2 <= 00003390
@00003390: $20 <= 88880000
@00003394: $ 1 <= 00000001
@00003398: $ 2 <= 000033b0
@000033a0: $ 1 <= 000033b0
@000033a8: $ 2 <= 000033b0
@000033b0: $20 <= 88880000
@000033b4: $ 1 <= 00000001
@000033b8: $ 2 <= 000033d4
@000033c0: $ 1 <= 000033d4
@000033cc: $ 2 <= 000033d4
@000033d4: $20 <= 88880000
@000033d8: $31 <= 000033e0
@000033fc: $ 2 <= 00003404
@000033e0: $31 <= 000033e8
@00003408: $ 2 <= 00003410
@000033e8: $31 <= 000033f0
@00003410: $ 1 <= 00003418
@000033f0: $ 2 <= 000033f8
@00003418: $20 <= 88880000
@0000341c: $ 1 <= 00003430
@00003420: $ 2 <= 00003428
@00003434: $ 3 <= 0000343c
@00003428: $20 <= 88880000
@0000342c: $31 <= 00003434
@00003440: $ 1 <= 00001234
@00003444: $ 2 <= 00004670
@00003454: $ 1 <= 00001234
@00003458: $ 2 <= 00001240
@00003464: $20 <= 88880000
@00003468: $ 1 <= 00001234
@0000346c: $ 2 <= 00002345
@0000347c: $ 1 <= 12340000
@00003488: $ 1 <= ffff0000
@0000349c: $ 2 <= 0000343c
@000034b4: $ 1 <= 00000000
@000034c0: $ 1 <= 00000000
@000034d0: $ 1 <= 00000000
@000034e4: $ 1 <= 00003390
@000034f4: $ 1 <= 00003390
@00003504: $20 <= 88880000
@00003508: $ 1 <= 00003390
@00003520: $ 3 <= 0000ffff
@00003524: $ 4 <= 000077d7
@0000352c: $ 1 <= 00000000
@00003530: $ 2 <= 77d68829
@0000353c: $ 1 <= 77d68829
@00003550: $ 2 <= 00000000
@00003568: $ 1 <= 77d68829
@00003574: $20 <= 88880000
@00003578: $ 1 <= 00000000
@0000358c: $ 1 <= 00000000
@000035a0: $31 <= 000035a8
@000035b4: $31 <= 000035bc
@000035c8: $31 <= 000035d0
@000035d4: $20 <= 88880000
@000035e0: $31 <= 000035e8
@000035ec: $20 <= 88880000
@000035fc: $ 1 <= 0000360c
@00003600: $ 2 <= 00003608
@00003614: $20 <= 88880000
@00003618: $ 1 <= 0000362c
@0000361c: $ 2 <= 00003624
@00003630: $20 <= 88880000
@00003634: $ 1 <= 0000366c
@00003638: $ 2 <= 00003640
@0000366c: $ 3 <= 00006cac
@00003674: $ 3 <= 00006cac
@00003680: $ 3 <= 00006cac
@00003690: $ 1 <= 00003390
@00003698: $ 1 <= 00003390
@000036a4: $ 1 <= ffffff90
# restart
# run 10.00us
Simulator is doing circuit initialization process.
Finished circuit initialization process.
@00003000: $ 1 <= 00001234
@00003004: $ 2 <= 78980000
@00003008: $ 3 <= 0f130000
@0000300c: $ 4 <= 78980000
@00003010: $ 5 <= 00000001
@00003014: $ 1 <= 00000020
@00003018: *00000020 <= 78980000
@0000301c: *00000024 <= 78980000
@00003020: *00000028 <= 0f130000
@00003024: *00000020 <= 00000020
@00003028: $ 3 <= 00000020
@0000302c: *00000020 <= 00000000
@00003030: *00000020 <= 00010000
@00003034: *00000024 <= 78980020
@00003038: $ 1 <= 00000000
@0000303c: $ 2 <= 00000000
@00003040: $ 3 <= 00000000
@00003044: $ 4 <= 00000000
@00003048: $ 5 <= 00001234
@0000304c: $ 6 <= 00000000
@00003050: $ 7 <= 00000000
@00003054: $ 1 <= 00000004
@00003058: *00000000 <= 00000004
@0000305c: $ 2 <= 00000004
@00003060: $ 3 <= 00000000
@00003064: $ 4 <= 00000000
@00003068: $ 5 <= 00000004
@0000306c: $31 <= 00003074
@00003078: $ 3 <= 00003078
@0000307c: $ 4 <= 0000000c
@00003080: $31 <= 00003088
@0000308c: $ 1 <= 00000000
@00003090: $ 2 <= 00000000
@00003094: $31 <= 0000309c
@000030a0: *0000248c <= 00000000
@000030a4: *0000248c <= 00000000
@000030a8: $ 1 <= 000030b0
@000030ac: $ 2 <= 000030b4
@000030b4: $ 3 <= 00006168
@000030b8: $ 1 <= 000030c0
@000030bc: $ 2 <= 000030c4
@000030c4: $ 3 <= 00000000
@000030c8: $ 1 <= 000030d0
@000030cc: $ 2 <= 000030d4
@000030d4: *00000004 <= 00000000
@000030d8: $ 1 <= 000030e0
@000030dc: $ 2 <= 000030e4
@000030e8: $ 3 <= 00000004
@000030ec: $ 1 <= 000030f4
@000030f0: $ 2 <= 000030f8
@000030f8: $20 <= 88880000
@000030fc: $ 3 <= 00000000
@00003100: $ 1 <= 00003108
@00003104: $ 2 <= 0000310c
@0000310c: $20 <= 88880000
@00003110: *00000004 <= 00000000
@00003114: $ 1 <= 0000ffff
@00003118: $ 2 <= 12350000
@00003120: $ 1 <= 00001234
@00003124: $ 3 <= 00001240
@00003128: $ 3 <= 00000000
@0000312c: $ 3 <= 12351234
@00003130: $ 2 <= 00001234
@00003134: $ 3 <= 00000004
@00003138: $ 3 <= 00000004
@0000313c: $ 3 <= 00000004
@00003140: $ 2 <= edcb0000
@00003144: *00000000 <= edcb0000
@00003148: *00000000 <= edcb0000
@0000314c: *00000000 <= edcb0000
@00003150: $ 2 <= 00001234
@00003154: *00000000 <= 00000004
@00003158: *00000000 <= 00000004
@0000315c: *00000000 <= 00000004
@00003160: $ 1 <= 0000316c
@0000316c: $ 1 <= 00003180
@00003180: $20 <= 88880000
@00003184: $ 1 <= 000031a0
@000031a0: $ 1 <= 000031b4
@000031a4: *00000000 <= 000031b4
@000031a8: $ 1 <= 000031b4
@000031b4: $20 <= 88880000
@000031bc: $ 1 <= 000031d8
@000031c0: *00000000 <= 000031d8
@000031c4: $ 1 <= 000031d8
@000031dc: $ 1 <= 000031fc
@000031e0: *00000000 <= 000031fc
@000031e4: $ 1 <= 000031fc
@00003200: $ 1 <= 00000001
@00003204: $ 2 <= 0000321c
@0000320c: $ 3 <= 0000321c
@00003220: $ 1 <= 00000001
@00003224: $ 2 <= 00003240
@0000322c: $ 3 <= 00003240
@00003244: $ 1 <= 00000001
@00003248: $ 2 <= 00003268
@00003250: $ 3 <= 00003268
@0000326c: $31 <= 00003274
@00003274: $20 <= 88880000
@00003278: $31 <= 00003280
@0000329c: $20 <= 88880000
@00003280: $20 <= 88880000
@00003284: $31 <= 0000328c
@000032a8: $ 1 <= 0000328c
@000032ac: $ 2 <= 000032b4
@000032b4: $20 <= 88880000
@000032b8: $ 1 <= 000032cc
@000032bc: $ 2 <= 000032c4
@000032c4: $20 <= 88880000
@000032c8: $31 <= 000032d0
@000032d8: $ 1 <= 000032e8
@000032dc: $ 2 <= 000032e4
@000032ec: $ 1 <= 00003300
@000032f0: *00000000 <= 00003300
@000032f4: $ 1 <= 00003300
@000032f8: $ 2 <= 00003300
@00003300: $20 <= 88880000
@00003304: $ 1 <= 00000001
@00003308: $ 2 <= 00003320
@00003310: $ 1 <= 00003320
@00003314: $ 2 <= 0000331c
@00003324: $ 1 <= 00003338
@0000332c: $ 2 <= 00003334
@0000333c: $ 1 <= 00003354
@00003348: $ 2 <= 00003350
@00003358: $ 1 <= 00003370
@0000335c: *00000000 <= 00003370
@00003360: $ 1 <= 00003370
@00003368: $ 2 <= 00003370
@00003370: $20 <= 88880000
@00003374: $ 1 <= 00003390
@00003378: *00000000 <= 00003390
@0000337c: $ 1 <= 00003390
@00003388: $ 2 <= 00003390
@00003390: $20 <= 88880000
@00003394: $ 1 <= 00000001
@00003398: $ 2 <= 000033b0
@000033a0: $ 1 <= 000033b0
@000033a8: $ 2 <= 000033b0
@000033b0: $20 <= 88880000
@000033b4: $ 1 <= 00000001
@000033b8: $ 2 <= 000033d4
@000033c0: $ 1 <= 000033d4
@000033cc: $ 2 <= 000033d4
@000033d4: $20 <= 88880000
@000033d8: $31 <= 000033e0
@000033fc: $ 2 <= 00003404
@000033e0: $31 <= 000033e8
@00003408: $ 2 <= 00003410
@000033e8: $31 <= 000033f0
@00003410: $ 1 <= 00003418
@000033f0: $ 2 <= 000033f8
@00003418: $20 <= 88880000
@0000341c: $ 1 <= 00003430
@00003420: $ 2 <= 00003428
@00003434: $ 3 <= 0000343c
@00003428: $20 <= 88880000
@0000342c: $31 <= 00003434
@00003440: $ 1 <= 00001234
@00003444: $ 2 <= 00004670
@00003454: $ 1 <= 00001234
@00003458: $ 2 <= 00001240
@00003464: $20 <= 88880000
@00003468: $ 1 <= 00001234
@0000346c: $ 2 <= 00002345
@0000347c: $ 1 <= 12340000
@00003488: $ 1 <= ffff0000
@0000349c: $ 2 <= 0000343c
@000034b4: $ 1 <= 00000000
@000034c0: $ 1 <= 00000000
@000034d0: $ 1 <= 00000000
@000034e4: $ 1 <= 00003390
@000034f4: $ 1 <= 00003390
@00003504: $20 <= 88880000
@00003508: $ 1 <= 00003390
@00003520: $ 3 <= 0000ffff
@00003524: $ 4 <= 000077d7
@0000352c: $ 1 <= 00000000
@00003530: $ 2 <= 77d68829
@0000353c: $ 1 <= 77d68829
@00003550: $ 2 <= 00000000
@00003568: $ 1 <= 77d68829
@00003574: $20 <= 88880000
@00003578: $ 1 <= 00000000
@0000358c: $ 1 <= 00000000
@000035a0: $31 <= 000035a8
@000035b4: $31 <= 000035bc
@000035c8: $31 <= 000035d0
@000035d4: $20 <= 88880000
@000035e0: $31 <= 000035e8
@000035ec: $20 <= 88880000
@000035fc: $ 1 <= 0000360c
@00003600: $ 2 <= 00003608
@00003614: $20 <= 88880000
@00003618: $ 1 <= 0000362c
@0000361c: $ 2 <= 00003624
@00003630: $20 <= 88880000
@00003634: $ 1 <= 0000366c
@00003638: $ 2 <= 00003640
@0000366c: $ 3 <= 00006cac
@00003674: $ 3 <= 00006cac
@00003680: $ 3 <= 00006cac
@00003690: $ 1 <= 00003390
@00003698: $ 1 <= 00003390
@000036a4: $ 1 <= ffffff90
@000036b4: $31 <= 000036bc
@000036c4: $31 <= 000036cc
@000036d0: $ 1 <= 12340000
@000036d8: $ 1 <= 000036e8
@000036dc: $ 2 <= 000036e4
@000036ec: $ 1 <= 000036f8
@000036f0: $ 2 <= 000036f8
@000036f8: $ 1 <= 12340000
@00003700: $ 3 <= 123436f8
@0000370c: $ 3 <= 0000dbe0
@00003720: $ 3 <= edcc36f8
@00003734: $ 1 <= 12340000
@00003738: $ 1 <= 00000000
@00003744: $ 1 <= 12340000
@00003748: $ 2 <= 000036f8
@00003758: $ 1 <= 12340000
@0000375c: $ 2 <= 00000000
@00003768: $ 1 <= 12340000
@0000376c: $ 1 <= 00003390
@00003778: $ 1 <= 12340000
@0000377c: $ 1 <= 00003390
@0000378c: $ 1 <= 12340000
@00003790: $ 1 <= ffffff90
@000037a4: $ 1 <= 12340000
@000037a8: $31 <= 000037b0
@000037c0: $31 <= 000037c8
@000037d8: $ 1 <= 12340000
@000037dc: $ 1 <= 000037ec
@000037e0: $ 2 <= 000037e8
@000037f4: $ 1 <= 12340000
@000037f8: $ 1 <= 00003804
@000037fc: $ 2 <= 00003804
@00003804: $ 1 <= 12340000
@00003810: $ 1 <= 12340000
@00003814: $ 3 <= 12343804
@00003818: $ 4 <= 24683804
@0000381c: $ 5 <= 23400000
@00003820: $ 6 <= edcbc7fb
@00003824: $ 1 <= 000036f8
@00003828: $ 2 <= 00000012
@0000382c: $ 2 <= 12346efc
@00003830: $ 2 <= 1234010c
@00003834: $ 1 <= 00003390
@00003838: $ 3 <= 1234349c
@0000383c: $ 3 <= 1233cd7c
@00003840: $ 3 <= 00001234
@00003844: $31 <= 0000384c
@00003850: $ 1 <= 00007098
@00003854: $31 <= 0000385c
@00003864: $ 1 <= 000070b8
@00003868: $ 1 <= 00003878
@0000386c: $ 2 <= 00003874
@00003878: $ 3 <= 000070e8
@0000387c: $ 1 <= 00003888
@00003880: $ 2 <= 00003888
@00003888: $ 1 <= 12340000
@0000388c: $ 3 <= 00007110
@00003890: $ 3 <= 12343888
@000038a0: $ 1 <= 00003888
@000038b0: $ 1 <= 00003390
@000038c0: $31 <= 000038c8
@000038d0: $31 <= 000038d8
@000038e4: $ 1 <= 000038f4
@000038e8: $ 2 <= 000038f0
@000038f8: $ 1 <= 00003908
@000038fc: $ 2 <= 00003904
@00003908: $ 3 <= 12340000
@00003910: $ 3 <= 0000720c
@00003914: *00000000 <= 0000720c
@00003918: *00000000 <= 0000720c
@0000391c: *00000000 <= 00000c0c
@00003920: $ 1 <= 0cb3ac20
@00003924: *00000004 <= 0cb3ac20
@00003928: *00000004 <= ac20ac20
@0000392c: *00000004 <= ac202020
@00003930: $ 1 <= 00000c0c
@00003934: *00000004 <= 00000c0c
@00003938: *00000004 <= 0c0c0c0c
@0000393c: *00000004 <= 0c0c0c0c
@00003940: $31 <= 00003948
@0000394c: *00000000 <= 00003948
@00003950: $31 <= 00003958
@0000395c: $ 3 <= 23440000
@00003960: *00000000 <= 00003958
@00003964: $ 1 <= 00003974
@00003968: $ 2 <= 00003970
@00003974: *00000000 <= 00003970
@00003978: $ 1 <= 00003984
@0000397c: $ 2 <= 00003984
@00003984: $20 <= 23410000
@00003988: *00000000 <= 00003984
