Running: D:\ISE\14.7\ISE_DS\ISE\bin\nt64\unwrapped\fuse.exe -intstyle ise -incremental -lib unisims_ver -lib unimacro_ver -lib xilinxcorelib_ver -lib secureip -o D:/CO/P7/CPU_compare/mips_tb_isim_beh.exe -prj D:/CO/P7/CPU_compare/mips_tb_beh.prj work.mips_tb work.glbl 
ISim P.20131013 (signature 0x7708f090)
Number of CPUs detected in this system: 8
Turning on mult-threading, number of parallel sub-compilation jobs: 16 
Determining compilation order of HDL files
Analyzing Verilog file "D:/CO/P7/CPU_compare/DECODE.v" into library work
Analyzing Verilog file "D:/CO/P7/CPU_compare/regs.v" into library work
Analyzing Verilog file "D:/CO/P7/CPU_compare/MUX.v" into library work
Analyzing Verilog file "D:/CO/P7/CPU_compare/MF.v" into library work
Analyzing Verilog file "D:/CO/P7/CPU_compare/M.v" into library work
Analyzing Verilog file "D:/CO/P7/CPU_compare/F.v" into library work
Analyzing Verilog file "D:/CO/P7/CPU_compare/EXC.v" into library work
Analyzing Verilog file "D:/CO/P7/CPU_compare/E.v" into library work
Analyzing Verilog file "D:/CO/P7/CPU_compare/D.v" into library work
Analyzing Verilog file "D:/CO/P7/CPU_compare/CP0.v" into library work
Analyzing Verilog file "D:/CO/P7/CPU_compare/STOP_CONTROL.v" into library work
Analyzing Verilog file "D:/CO/P7/CPU_compare/FORWARD_CONTROL.v" into library work
Analyzing Verilog file "D:/CO/P7/CPU_compare/DATAPATH.v" into library work
Analyzing Verilog file "D:/CO/P7/CPU_compare/timer.v" into library work
Analyzing Verilog file "D:/CO/P7/CPU_compare/CPU.v" into library work
Analyzing Verilog file "D:/CO/P7/CPU_compare/BRIDGE.v" into library work
Analyzing Verilog file "D:/CO/P7/CPU_compare/mips.v" into library work
Analyzing Verilog file "D:/CO/P7/CPU_compare/mips_tb8.v" into library work
Analyzing Verilog file "D:/ISE/14.7/ISE_DS/ISE//verilog/src/glbl.v" into library work
Starting static elaboration
WARNING:HDLCompiler:1016 - "D:/CO/P7/CPU_compare/MUX.v" Line 33: Port NPCOp is not connected to this instance
WARNING:HDLCompiler:1016 - "D:/CO/P7/CPU_compare/regs.v" Line 38: Port NPCOp is not connected to this instance
WARNING:HDLCompiler:1016 - "D:/CO/P7/CPU_compare/D.v" Line 39: Port NPCOp is not connected to this instance
WARNING:HDLCompiler:1016 - "D:/CO/P7/CPU_compare/EXC.v" Line 29: Port NPCOp is not connected to this instance
WARNING:HDLCompiler:1016 - "D:/CO/P7/CPU_compare/D.v" Line 81: Port NPCOp is not connected to this instance
WARNING:HDLCompiler:1016 - "D:/CO/P7/CPU_compare/D.v" Line 106: Port EXTOp is not connected to this instance
WARNING:HDLCompiler:1016 - "D:/CO/P7/CPU_compare/MUX.v" Line 57: Port NPCOp is not connected to this instance
WARNING:HDLCompiler:1016 - "D:/CO/P7/CPU_compare/E.v" Line 34: Port NPCOp is not connected to this instance
WARNING:HDLCompiler:1016 - "D:/CO/P7/CPU_compare/EXC.v" Line 45: Port NPCOp is not connected to this instance
WARNING:HDLCompiler:1016 - "D:/CO/P7/CPU_compare/MUX.v" Line 105: Port NPCOp is not connected to this instance
WARNING:HDLCompiler:1016 - "D:/CO/P7/CPU_compare/E.v" Line 84: Port NPCOp is not connected to this instance
WARNING:HDLCompiler:1016 - "D:/CO/P7/CPU_compare/M.v" Line 43: Port NPCOp is not connected to this instance
WARNING:HDLCompiler:1016 - "D:/CO/P7/CPU_compare/MUX.v" Line 129: Port NPCOp is not connected to this instance
WARNING:HDLCompiler:1016 - "D:/CO/P7/CPU_compare/CP0.v" Line 76: Port NPCOp is not connected to this instance
WARNING:HDLCompiler:1016 - "D:/CO/P7/CPU_compare/CP0.v" Line 77: Port NPCOp is not connected to this instance
WARNING:HDLCompiler:1016 - "D:/CO/P7/CPU_compare/MUX.v" Line 81: Port NPCOp is not connected to this instance
WARNING:HDLCompiler:1016 - "D:/CO/P7/CPU_compare/FORWARD_CONTROL.v" Line 53: Port NPCOp is not connected to this instance
WARNING:HDLCompiler:1016 - "D:/CO/P7/CPU_compare/FORWARD_CONTROL.v" Line 55: Port NPCOp is not connected to this instance
WARNING:HDLCompiler:1016 - "D:/CO/P7/CPU_compare/STOP_CONTROL.v" Line 48: Port NPCOp is not connected to this instance
WARNING:HDLCompiler:1016 - "D:/CO/P7/CPU_compare/STOP_CONTROL.v" Line 59: Port NPCOp is not connected to this instance
WARNING:HDLCompiler:1016 - "D:/CO/P7/CPU_compare/STOP_CONTROL.v" Line 61: Port NPCOp is not connected to this instance
Completed static elaboration
Compiling module ADD4
Compiling module DECODE
Compiling module MUX_PcSel
Compiling module PC
Compiling module IM
Compiling module REG_D
Compiling module GRF
Compiling module CHECK_D
Compiling module MFCMP1D
Compiling module MFCMP2D
Compiling module CMP
Compiling module EXT
Compiling module NPC
Compiling module MUX_RegA3Sel
Compiling module REG_E
Compiling module MFALUAE
Compiling module MFALUBE
Compiling module ALU
Compiling module CHECK_E
Compiling module MUX_AluBSel
Compiling module MD
Compiling module REG_M
Compiling module MFDM
Compiling module DM
Compiling module MUX_DM
Compiling module CHECK_M
Compiling module CP0
Compiling module REG_W
Compiling module MUX_RegDataSel
Compiling module DATAPATH
Compiling module FORWARD_CONTROL
Compiling module STOP_CONTROL
Compiling module CPU
Compiling module BRIDGE
Compiling module TC
Compiling module mips
Compiling module mips_tb
Compiling module glbl
Time Resolution for simulation is 1ps.
Waiting for 23 sub-compilation(s) to finish...
WARNING:Simulator - Unable to copy libPortabilityNOSH.dll to the simulation executable directory: boost::filesystem::copy_file: 系统找不到指定的路径。, "isim\mips_tb_isim_beh.exe.sim\libPortability.dll".
Compiled 38 Verilog Units
Built simulation executable D:/CO/P7/CPU_compare/mips_tb_isim_beh.exe
Fuse Memory Usage: 31624 KB
Fuse CPU Usage: 1186 ms
